#! /c/Source/iverilog-install/bin/vvp
:ivl_version "12.0 (devel)" "(s20150603-1539-g2693dd32b)";
:ivl_delay_selection "TYPICAL";
:vpi_time_precision + 0;
:vpi_module "D:\iverilog\lib\ivl\system.vpi";
:vpi_module "D:\iverilog\lib\ivl\vhdl_sys.vpi";
:vpi_module "D:\iverilog\lib\ivl\vhdl_textio.vpi";
:vpi_module "D:\iverilog\lib\ivl\v2005_math.vpi";
:vpi_module "D:\iverilog\lib\ivl\va_math.vpi";
S_00000240eace8880 .scope module, "casex_use" "casex_use" 2 2;
 .timescale 0 0;
v00000240eace6b30_0 .var "encoding", 3 0;
v00000240eabc25e0_0 .var/i "state", 31 0;
E_00000240eacec370 .event anyedge, v00000240eace6b30_0;
    .scope S_00000240eace8880;
T_0 ;
    %wait E_00000240eacec370;
    %load/vec4 v00000240eace6b30_0;
    %dup/vec4;
    %pushi/vec4 15, 7, 4;
    %cmp/x;
    %jmp/1 T_0.0, 4;
    %dup/vec4;
    %pushi/vec4 15, 11, 4;
    %cmp/x;
    %jmp/1 T_0.1, 4;
    %dup/vec4;
    %pushi/vec4 15, 13, 4;
    %cmp/x;
    %jmp/1 T_0.2, 4;
    %dup/vec4;
    %pushi/vec4 15, 14, 4;
    %cmp/x;
    %jmp/1 T_0.3, 4;
    %pushi/vec4 0, 0, 32;
    %store/vec4 v00000240eabc25e0_0, 0, 32;
    %jmp T_0.5;
T_0.0 ;
    %pushi/vec4 3, 0, 32;
    %store/vec4 v00000240eabc25e0_0, 0, 32;
    %jmp T_0.5;
T_0.1 ;
    %pushi/vec4 2, 0, 32;
    %store/vec4 v00000240eabc25e0_0, 0, 32;
    %jmp T_0.5;
T_0.2 ;
    %pushi/vec4 1, 0, 32;
    %store/vec4 v00000240eabc25e0_0, 0, 32;
    %jmp T_0.5;
T_0.3 ;
    %pushi/vec4 0, 0, 32;
    %store/vec4 v00000240eabc25e0_0, 0, 32;
    %jmp T_0.5;
T_0.5 ;
    %pop/vec4 1;
    %jmp T_0;
    .thread T_0, $push;
    .scope S_00000240eace8880;
T_1 ;
    %vpi_call 2 18 "$display", "encoding | state" {0 0 0};
    %vpi_call 2 19 "$monitor", "  %b   |%d", v00000240eace6b30_0, v00000240eabc25e0_0 {0 0 0};
    %delay 1, 0;
    %pushi/vec4 0, 0, 4;
    %store/vec4 v00000240eace6b30_0, 0, 4;
    %delay 1, 0;
    %pushi/vec4 8, 0, 4;
    %store/vec4 v00000240eace6b30_0, 0, 4;
    %delay 1, 0;
    %pushi/vec4 9, 0, 4;
    %store/vec4 v00000240eace6b30_0, 0, 4;
    %delay 1, 0;
    %pushi/vec4 1, 0, 4;
    %store/vec4 v00000240eace6b30_0, 0, 4;
    %delay 1, 0;
    %pushi/vec4 3, 0, 4;
    %store/vec4 v00000240eace6b30_0, 0, 4;
    %delay 1, 0;
    %pushi/vec4 7, 0, 4;
    %store/vec4 v00000240eace6b30_0, 0, 4;
    %delay 1, 0;
    %vpi_call 2 26 "$finish" {0 0 0};
    %end;
    .thread T_1;
# The file index is used to find the file name in the following table.
:file_names 3;
    "N/A";
    "<interactive>";
    "casex.v";
