#! /c/Source/iverilog-install/bin/vvp
:ivl_version "12.0 (devel)" "(s20150603-1539-g2693dd32b)";
:ivl_delay_selection "TYPICAL";
:vpi_time_precision + 0;
:vpi_module "D:\iverilog\lib\ivl\system.vpi";
:vpi_module "D:\iverilog\lib\ivl\vhdl_sys.vpi";
:vpi_module "D:\iverilog\lib\ivl\vhdl_textio.vpi";
:vpi_module "D:\iverilog\lib\ivl\v2005_math.vpi";
:vpi_module "D:\iverilog\lib\ivl\va_math.vpi";
S_00000234afd59ba0 .scope module, "tb" "tb" 2 27;
 .timescale 0 0;
v00000234afd588c0_0 .var "in", 0 0;
v00000234afd58960_0 .net "out", 3 0, L_00000234afd16b30;  1 drivers
v00000234afd58a00_0 .var "s", 1 0;
L_00000234afd16b30 .concat8 [ 1 1 1 1], v00000234afd598b0_0, v00000234afd59950_0, v00000234afd58640_0, v00000234afd586e0_0;
L_00000234afd16bd0 .part v00000234afd58a00_0, 1, 1;
L_00000234afd61aa0 .part v00000234afd58a00_0, 0, 1;
S_00000234afd59720 .scope module, "demux" "demux1_to_4" 2 33, 2 1 0, S_00000234afd59ba0;
 .timescale 0 0;
    .port_info 0 /OUTPUT 1 "out0";
    .port_info 1 /OUTPUT 1 "out1";
    .port_info 2 /OUTPUT 1 "out2";
    .port_info 3 /OUTPUT 1 "out3";
    .port_info 4 /INPUT 1 "in";
    .port_info 5 /INPUT 1 "s1";
    .port_info 6 /INPUT 1 "s0";
v00000234afd58e70_0 .net "in", 0 0, v00000234afd588c0_0;  1 drivers
v00000234afd598b0_0 .var "out0", 0 0;
v00000234afd59950_0 .var "out1", 0 0;
v00000234afd58640_0 .var "out2", 0 0;
v00000234afd586e0_0 .var "out3", 0 0;
v00000234afd58780_0 .net "s0", 0 0, L_00000234afd61aa0;  1 drivers
v00000234afd58820_0 .net "s1", 0 0, L_00000234afd16bd0;  1 drivers
E_00000234afd56af0 .event anyedge, v00000234afd58e70_0, v00000234afd58780_0, v00000234afd58820_0;
    .scope S_00000234afd59720;
T_0 ;
    %wait E_00000234afd56af0;
    %load/vec4 v00000234afd58820_0;
    %load/vec4 v00000234afd58780_0;
    %concat/vec4; draw_concat_vec4
    %dup/vec4;
    %pushi/vec4 0, 0, 2;
    %cmp/u;
    %jmp/1 T_0.0, 6;
    %dup/vec4;
    %pushi/vec4 1, 0, 2;
    %cmp/u;
    %jmp/1 T_0.1, 6;
    %dup/vec4;
    %pushi/vec4 2, 0, 2;
    %cmp/u;
    %jmp/1 T_0.2, 6;
    %dup/vec4;
    %pushi/vec4 3, 0, 2;
    %cmp/u;
    %jmp/1 T_0.3, 6;
    %dup/vec4;
    %pushi/vec4 2, 2, 2;
    %cmp/u;
    %jmp/1 T_0.4, 6;
    %dup/vec4;
    %pushi/vec4 3, 2, 2;
    %cmp/u;
    %jmp/1 T_0.5, 6;
    %dup/vec4;
    %pushi/vec4 2, 3, 2;
    %cmp/u;
    %jmp/1 T_0.6, 6;
    %dup/vec4;
    %pushi/vec4 3, 3, 2;
    %cmp/u;
    %jmp/1 T_0.7, 6;
    %dup/vec4;
    %pushi/vec4 1, 1, 2;
    %cmp/u;
    %jmp/1 T_0.8, 6;
    %dup/vec4;
    %pushi/vec4 3, 1, 2;
    %cmp/u;
    %jmp/1 T_0.9, 6;
    %dup/vec4;
    %pushi/vec4 1, 3, 2;
    %cmp/u;
    %jmp/1 T_0.10, 6;
    %dup/vec4;
    %pushi/vec4 0, 2, 2;
    %cmp/u;
    %jmp/1 T_0.11, 6;
    %dup/vec4;
    %pushi/vec4 1, 2, 2;
    %cmp/u;
    %jmp/1 T_0.12, 6;
    %dup/vec4;
    %pushi/vec4 0, 3, 2;
    %cmp/u;
    %jmp/1 T_0.13, 6;
    %dup/vec4;
    %pushi/vec4 0, 1, 2;
    %cmp/u;
    %jmp/1 T_0.14, 6;
    %dup/vec4;
    %pushi/vec4 2, 1, 2;
    %cmp/u;
    %jmp/1 T_0.15, 6;
    %jmp T_0.16;
T_0.0 ;
    %load/vec4 v00000234afd58e70_0;
    %store/vec4 v00000234afd598b0_0, 0, 1;
    %pushi/vec4 0, 1, 1;
    %store/vec4 v00000234afd59950_0, 0, 1;
    %pushi/vec4 0, 1, 1;
    %store/vec4 v00000234afd58640_0, 0, 1;
    %pushi/vec4 0, 1, 1;
    %store/vec4 v00000234afd586e0_0, 0, 1;
    %jmp T_0.16;
T_0.1 ;
    %pushi/vec4 0, 1, 1;
    %store/vec4 v00000234afd598b0_0, 0, 1;
    %load/vec4 v00000234afd58e70_0;
    %store/vec4 v00000234afd59950_0, 0, 1;
    %pushi/vec4 0, 1, 1;
    %store/vec4 v00000234afd58640_0, 0, 1;
    %pushi/vec4 0, 1, 1;
    %store/vec4 v00000234afd586e0_0, 0, 1;
    %jmp T_0.16;
T_0.2 ;
    %pushi/vec4 0, 1, 1;
    %store/vec4 v00000234afd598b0_0, 0, 1;
    %pushi/vec4 0, 1, 1;
    %store/vec4 v00000234afd59950_0, 0, 1;
    %load/vec4 v00000234afd58e70_0;
    %store/vec4 v00000234afd58640_0, 0, 1;
    %pushi/vec4 0, 1, 1;
    %store/vec4 v00000234afd586e0_0, 0, 1;
    %jmp T_0.16;
T_0.3 ;
    %pushi/vec4 0, 1, 1;
    %store/vec4 v00000234afd598b0_0, 0, 1;
    %pushi/vec4 0, 1, 1;
    %store/vec4 v00000234afd59950_0, 0, 1;
    %pushi/vec4 0, 1, 1;
    %store/vec4 v00000234afd58640_0, 0, 1;
    %load/vec4 v00000234afd58e70_0;
    %store/vec4 v00000234afd586e0_0, 0, 1;
    %jmp T_0.16;
T_0.4 ;
    %pushi/vec4 1, 1, 1;
    %store/vec4 v00000234afd598b0_0, 0, 1;
    %pushi/vec4 1, 1, 1;
    %store/vec4 v00000234afd59950_0, 0, 1;
    %pushi/vec4 1, 1, 1;
    %store/vec4 v00000234afd58640_0, 0, 1;
    %pushi/vec4 1, 1, 1;
    %store/vec4 v00000234afd586e0_0, 0, 1;
    %jmp T_0.16;
T_0.5 ;
    %pushi/vec4 1, 1, 1;
    %store/vec4 v00000234afd598b0_0, 0, 1;
    %pushi/vec4 1, 1, 1;
    %store/vec4 v00000234afd59950_0, 0, 1;
    %pushi/vec4 1, 1, 1;
    %store/vec4 v00000234afd58640_0, 0, 1;
    %pushi/vec4 1, 1, 1;
    %store/vec4 v00000234afd586e0_0, 0, 1;
    %jmp T_0.16;
T_0.6 ;
    %pushi/vec4 1, 1, 1;
    %store/vec4 v00000234afd598b0_0, 0, 1;
    %pushi/vec4 1, 1, 1;
    %store/vec4 v00000234afd59950_0, 0, 1;
    %pushi/vec4 1, 1, 1;
    %store/vec4 v00000234afd58640_0, 0, 1;
    %pushi/vec4 1, 1, 1;
    %store/vec4 v00000234afd586e0_0, 0, 1;
    %jmp T_0.16;
T_0.7 ;
    %pushi/vec4 1, 1, 1;
    %store/vec4 v00000234afd598b0_0, 0, 1;
    %pushi/vec4 1, 1, 1;
    %store/vec4 v00000234afd59950_0, 0, 1;
    %pushi/vec4 1, 1, 1;
    %store/vec4 v00000234afd58640_0, 0, 1;
    %pushi/vec4 1, 1, 1;
    %store/vec4 v00000234afd586e0_0, 0, 1;
    %jmp T_0.16;
T_0.8 ;
    %pushi/vec4 1, 1, 1;
    %store/vec4 v00000234afd598b0_0, 0, 1;
    %pushi/vec4 1, 1, 1;
    %store/vec4 v00000234afd59950_0, 0, 1;
    %pushi/vec4 1, 1, 1;
    %store/vec4 v00000234afd58640_0, 0, 1;
    %pushi/vec4 1, 1, 1;
    %store/vec4 v00000234afd586e0_0, 0, 1;
    %jmp T_0.16;
T_0.9 ;
    %pushi/vec4 1, 1, 1;
    %store/vec4 v00000234afd598b0_0, 0, 1;
    %pushi/vec4 1, 1, 1;
    %store/vec4 v00000234afd59950_0, 0, 1;
    %pushi/vec4 1, 1, 1;
    %store/vec4 v00000234afd58640_0, 0, 1;
    %pushi/vec4 1, 1, 1;
    %store/vec4 v00000234afd586e0_0, 0, 1;
    %jmp T_0.16;
T_0.10 ;
    %pushi/vec4 1, 1, 1;
    %store/vec4 v00000234afd598b0_0, 0, 1;
    %pushi/vec4 1, 1, 1;
    %store/vec4 v00000234afd59950_0, 0, 1;
    %pushi/vec4 1, 1, 1;
    %store/vec4 v00000234afd58640_0, 0, 1;
    %pushi/vec4 1, 1, 1;
    %store/vec4 v00000234afd586e0_0, 0, 1;
    %jmp T_0.16;
T_0.11 ;
    %pushi/vec4 0, 1, 1;
    %store/vec4 v00000234afd598b0_0, 0, 1;
    %pushi/vec4 0, 1, 1;
    %store/vec4 v00000234afd59950_0, 0, 1;
    %pushi/vec4 0, 1, 1;
    %store/vec4 v00000234afd58640_0, 0, 1;
    %pushi/vec4 0, 1, 1;
    %store/vec4 v00000234afd586e0_0, 0, 1;
    %jmp T_0.16;
T_0.12 ;
    %pushi/vec4 0, 1, 1;
    %store/vec4 v00000234afd598b0_0, 0, 1;
    %pushi/vec4 0, 1, 1;
    %store/vec4 v00000234afd59950_0, 0, 1;
    %pushi/vec4 0, 1, 1;
    %store/vec4 v00000234afd58640_0, 0, 1;
    %pushi/vec4 0, 1, 1;
    %store/vec4 v00000234afd586e0_0, 0, 1;
    %jmp T_0.16;
T_0.13 ;
    %pushi/vec4 0, 1, 1;
    %store/vec4 v00000234afd598b0_0, 0, 1;
    %pushi/vec4 0, 1, 1;
    %store/vec4 v00000234afd59950_0, 0, 1;
    %pushi/vec4 0, 1, 1;
    %store/vec4 v00000234afd58640_0, 0, 1;
    %pushi/vec4 0, 1, 1;
    %store/vec4 v00000234afd586e0_0, 0, 1;
    %jmp T_0.16;
T_0.14 ;
    %pushi/vec4 0, 1, 1;
    %store/vec4 v00000234afd598b0_0, 0, 1;
    %pushi/vec4 0, 1, 1;
    %store/vec4 v00000234afd59950_0, 0, 1;
    %pushi/vec4 0, 1, 1;
    %store/vec4 v00000234afd58640_0, 0, 1;
    %pushi/vec4 0, 1, 1;
    %store/vec4 v00000234afd586e0_0, 0, 1;
    %jmp T_0.16;
T_0.15 ;
    %pushi/vec4 0, 1, 1;
    %store/vec4 v00000234afd598b0_0, 0, 1;
    %pushi/vec4 0, 1, 1;
    %store/vec4 v00000234afd59950_0, 0, 1;
    %pushi/vec4 0, 1, 1;
    %store/vec4 v00000234afd58640_0, 0, 1;
    %pushi/vec4 0, 1, 1;
    %store/vec4 v00000234afd586e0_0, 0, 1;
    %jmp T_0.16;
T_0.16 ;
    %pop/vec4 1;
    %jmp T_0;
    .thread T_0, $push;
    .scope S_00000234afd59ba0;
T_1 ;
    %vpi_call 2 36 "$display", " in|  s | out" {0 0 0};
    %vpi_call 2 37 "$display", "---|----|-----" {0 0 0};
    %vpi_call 2 38 "$monitor", " %b | %b | %b ", v00000234afd588c0_0, v00000234afd58a00_0, v00000234afd58960_0 {0 0 0};
    %pushi/vec4 1, 0, 1;
    %store/vec4 v00000234afd588c0_0, 0, 1;
    %pushi/vec4 0, 0, 2;
    %store/vec4 v00000234afd58a00_0, 0, 2;
    %delay 10, 0;
    %pushi/vec4 1, 0, 2;
    %store/vec4 v00000234afd58a00_0, 0, 2;
    %delay 10, 0;
    %pushi/vec4 2, 0, 2;
    %store/vec4 v00000234afd58a00_0, 0, 2;
    %delay 10, 0;
    %pushi/vec4 3, 0, 2;
    %store/vec4 v00000234afd58a00_0, 0, 2;
    %delay 10, 0;
    %pushi/vec4 0, 0, 1;
    %store/vec4 v00000234afd588c0_0, 0, 1;
    %pushi/vec4 0, 0, 2;
    %store/vec4 v00000234afd58a00_0, 0, 2;
    %delay 10, 0;
    %pushi/vec4 1, 0, 2;
    %store/vec4 v00000234afd58a00_0, 0, 2;
    %delay 10, 0;
    %pushi/vec4 2, 0, 2;
    %store/vec4 v00000234afd58a00_0, 0, 2;
    %delay 10, 0;
    %pushi/vec4 3, 0, 2;
    %store/vec4 v00000234afd58a00_0, 0, 2;
    %delay 10, 0;
    %pushi/vec4 2, 2, 2;
    %store/vec4 v00000234afd58a00_0, 0, 2;
    %delay 10, 0;
    %pushi/vec4 1, 1, 2;
    %store/vec4 v00000234afd58a00_0, 0, 2;
    %delay 10, 0;
    %pushi/vec4 0, 2, 2;
    %store/vec4 v00000234afd58a00_0, 0, 2;
    %delay 10, 0;
    %vpi_call 2 50 "$finish" {0 0 0};
    %end;
    .thread T_1;
# The file index is used to find the file name in the following table.
:file_names 3;
    "N/A";
    "<interactive>";
    "demux.v";
