#! /c/Source/iverilog-install/bin/vvp
:ivl_version "12.0 (devel)" "(s20150603-1539-g2693dd32b)";
:ivl_delay_selection "TYPICAL";
:vpi_time_precision + 0;
:vpi_module "D:\iverilog\lib\ivl\system.vpi";
:vpi_module "D:\iverilog\lib\ivl\vhdl_sys.vpi";
:vpi_module "D:\iverilog\lib\ivl\vhdl_textio.vpi";
:vpi_module "D:\iverilog\lib\ivl\v2005_math.vpi";
:vpi_module "D:\iverilog\lib\ivl\va_math.vpi";
S_000001e9dd93b2e0 .scope module, "tb" "tb" 2 16;
 .timescale 0 0;
v000001e9dd93d230_0 .var "a", 3 0;
v000001e9dd93d2d0_0 .var "b", 3 0;
v000001e9dd93d370_0 .net "out", 4 0, v000001e9dd937540_0;  1 drivers
v000001e9dd93b9e0_0 .var "s", 2 0;
S_000001e9dd93d000 .scope module, "alu" "ALU" 2 23, 2 1 0, S_000001e9dd93b2e0;
 .timescale 0 0;
    .port_info 0 /INPUT 4 "a";
    .port_info 1 /INPUT 4 "b";
    .port_info 2 /INPUT 3 "select";
    .port_info 3 /OUTPUT 5 "out";
v000001e9dd937300_0 .net "a", 3 0, v000001e9dd93d230_0;  1 drivers
v000001e9dd936f30_0 .net "b", 3 0, v000001e9dd93d2d0_0;  1 drivers
v000001e9dd937540_0 .var "out", 4 0;
v000001e9dd93d190_0 .net "select", 2 0, v000001e9dd93b9e0_0;  1 drivers
E_000001e9ddb348d0 .event anyedge, v000001e9dd93d190_0, v000001e9dd936f30_0, v000001e9dd937300_0;
    .scope S_000001e9dd93d000;
T_0 ;
    %wait E_000001e9ddb348d0;
    %load/vec4 v000001e9dd93d190_0;
    %dup/vec4;
    %pushi/vec4 0, 0, 3;
    %cmp/u;
    %jmp/1 T_0.0, 6;
    %dup/vec4;
    %pushi/vec4 1, 0, 3;
    %cmp/u;
    %jmp/1 T_0.1, 6;
    %dup/vec4;
    %pushi/vec4 2, 0, 3;
    %cmp/u;
    %jmp/1 T_0.2, 6;
    %dup/vec4;
    %pushi/vec4 3, 0, 3;
    %cmp/u;
    %jmp/1 T_0.3, 6;
    %dup/vec4;
    %pushi/vec4 4, 0, 3;
    %cmp/u;
    %jmp/1 T_0.4, 6;
    %dup/vec4;
    %pushi/vec4 5, 0, 3;
    %cmp/u;
    %jmp/1 T_0.5, 6;
    %dup/vec4;
    %pushi/vec4 6, 0, 3;
    %cmp/u;
    %jmp/1 T_0.6, 6;
    %dup/vec4;
    %pushi/vec4 7, 0, 3;
    %cmp/u;
    %jmp/1 T_0.7, 6;
    %jmp T_0.8;
T_0.0 ;
    %load/vec4 v000001e9dd937300_0;
    %pad/u 5;
    %store/vec4 v000001e9dd937540_0, 0, 5;
    %jmp T_0.8;
T_0.1 ;
    %load/vec4 v000001e9dd937300_0;
    %pad/u 5;
    %load/vec4 v000001e9dd936f30_0;
    %pad/u 5;
    %add;
    %store/vec4 v000001e9dd937540_0, 0, 5;
    %jmp T_0.8;
T_0.2 ;
    %load/vec4 v000001e9dd937300_0;
    %pad/u 5;
    %load/vec4 v000001e9dd936f30_0;
    %pad/u 5;
    %sub;
    %store/vec4 v000001e9dd937540_0, 0, 5;
    %jmp T_0.8;
T_0.3 ;
    %load/vec4 v000001e9dd937300_0;
    %pad/u 5;
    %load/vec4 v000001e9dd936f30_0;
    %pad/u 5;
    %div;
    %store/vec4 v000001e9dd937540_0, 0, 5;
    %jmp T_0.8;
T_0.4 ;
    %load/vec4 v000001e9dd937300_0;
    %pad/u 5;
    %load/vec4 v000001e9dd936f30_0;
    %pad/u 5;
    %mod;
    %store/vec4 v000001e9dd937540_0, 0, 5;
    %jmp T_0.8;
T_0.5 ;
    %load/vec4 v000001e9dd937300_0;
    %pad/u 5;
    %ix/load 4, 1, 0;
    %flag_set/imm 4, 0;
    %shiftl 4;
    %store/vec4 v000001e9dd937540_0, 0, 5;
    %jmp T_0.8;
T_0.6 ;
    %load/vec4 v000001e9dd937300_0;
    %pad/u 5;
    %ix/load 4, 1, 0;
    %flag_set/imm 4, 0;
    %shiftr 4;
    %store/vec4 v000001e9dd937540_0, 0, 5;
    %jmp T_0.8;
T_0.7 ;
    %load/vec4 v000001e9dd936f30_0;
    %load/vec4 v000001e9dd937300_0;
    %cmp/u;
    %flag_get/vec4 5;
    %pad/u 5;
    %store/vec4 v000001e9dd937540_0, 0, 5;
    %jmp T_0.8;
T_0.8 ;
    %pop/vec4 1;
    %jmp T_0;
    .thread T_0, $push;
    .scope S_000001e9dd93b2e0;
T_1 ;
    %vpi_call 2 26 "$display", "   a |   b  |  s  | out" {0 0 0};
    %vpi_call 2 27 "$monitor", "%b | %b | %b | %b", v000001e9dd93d230_0, v000001e9dd93d2d0_0, v000001e9dd93b9e0_0, v000001e9dd93d370_0 {0 0 0};
    %pushi/vec4 0, 0, 4;
    %store/vec4 v000001e9dd93d230_0, 0, 4;
    %pushi/vec4 0, 0, 4;
    %store/vec4 v000001e9dd93d2d0_0, 0, 4;
    %pushi/vec4 0, 0, 3;
    %store/vec4 v000001e9dd93b9e0_0, 0, 3;
    %delay 1, 0;
    %pushi/vec4 1, 0, 4;
    %store/vec4 v000001e9dd93d230_0, 0, 4;
    %delay 1, 0;
    %pushi/vec4 1, 0, 4;
    %store/vec4 v000001e9dd93d2d0_0, 0, 4;
    %delay 1, 0;
    %pushi/vec4 10, 0, 4;
    %store/vec4 v000001e9dd93d230_0, 0, 4;
    %delay 1, 0;
    %pushi/vec4 1, 0, 3;
    %store/vec4 v000001e9dd93b9e0_0, 0, 3;
    %delay 1, 0;
    %pushi/vec4 2, 0, 3;
    %store/vec4 v000001e9dd93b9e0_0, 0, 3;
    %delay 1, 0;
    %pushi/vec4 2, 0, 4;
    %store/vec4 v000001e9dd93d2d0_0, 0, 4;
    %pushi/vec4 3, 0, 3;
    %store/vec4 v000001e9dd93b9e0_0, 0, 3;
    %delay 1, 0;
    %pushi/vec4 4, 0, 4;
    %store/vec4 v000001e9dd93d2d0_0, 0, 4;
    %pushi/vec4 4, 0, 3;
    %store/vec4 v000001e9dd93b9e0_0, 0, 3;
    %delay 1, 0;
    %pushi/vec4 5, 0, 3;
    %store/vec4 v000001e9dd93b9e0_0, 0, 3;
    %delay 1, 0;
    %pushi/vec4 6, 0, 3;
    %store/vec4 v000001e9dd93b9e0_0, 0, 3;
    %delay 1, 0;
    %pushi/vec4 7, 0, 3;
    %store/vec4 v000001e9dd93b9e0_0, 0, 3;
    %end;
    .thread T_1;
# The file index is used to find the file name in the following table.
:file_names 3;
    "N/A";
    "<interactive>";
    "alu.v";
