#! /c/Source/iverilog-install/bin/vvp
:ivl_version "12.0 (devel)" "(s20150603-1539-g2693dd32b)";
:ivl_delay_selection "TYPICAL";
:vpi_time_precision + 0;
:vpi_module "D:\iverilog\lib\ivl\system.vpi";
:vpi_module "D:\iverilog\lib\ivl\vhdl_sys.vpi";
:vpi_module "D:\iverilog\lib\ivl\vhdl_textio.vpi";
:vpi_module "D:\iverilog\lib\ivl\v2005_math.vpi";
:vpi_module "D:\iverilog\lib\ivl\va_math.vpi";
S_000001d75cb36c40 .scope module, "counter" "counter" 2 40;
 .timescale 0 0;
v000001d75cb3ea80_0 .var "clk", 0 0;
v000001d75cb3ef20_0 .var "count", 7 0;
E_000001d75cb3d3d0 .event posedge, v000001d75cb3ea80_0;
S_000001d75cb36dd0 .scope begin, "block" "block" 2 62, 2 62 0, S_000001d75cb36c40;
 .timescale 0 0;
    .scope S_000001d75cb36c40;
T_0 ;
    %vpi_call 2 45 "$monitor", "clk=%b count=%d %t", v000001d75cb3ea80_0, v000001d75cb3ef20_0, $time {0 0 0};
    %pushi/vec4 5, 0, 8;
    %store/vec4 v000001d75cb3ef20_0, 0, 8;
    %pushi/vec4 0, 0, 1;
    %store/vec4 v000001d75cb3ea80_0, 0, 1;
    %end;
    .thread T_0;
    .scope S_000001d75cb36c40;
T_1 ;
T_1.0 ;
    %load/vec4 v000001d75cb3ef20_0;
    %pad/u 32;
    %cmpi/u 66, 0, 32;
    %flag_or 5, 4; GT is !LE
    %flag_inv 5;
    %jmp/0xz  T_1.1, 5;
    %disable S_000001d75cb36dd0;
T_1.1 ;
    %delay 5, 0;
    %load/vec4 v000001d75cb3ea80_0;
    %inv;
    %store/vec4 v000001d75cb3ea80_0, 0, 1;
    %jmp T_1.0;
    %end;
    .thread T_1;
    .scope S_000001d75cb36c40;
T_2 ;
    %wait E_000001d75cb3d3d0;
    %fork t_1, S_000001d75cb36dd0;
    %jmp t_0;
    .scope S_000001d75cb36dd0;
t_1 ;
    %load/vec4 v000001d75cb3ef20_0;
    %pad/u 32;
    %cmpi/u 66, 0, 32;
    %flag_or 5, 4; GT is !LE
    %flag_inv 5;
    %jmp/0xz  T_2.0, 5;
    %disable S_000001d75cb36dd0;
T_2.0 ;
    %load/vec4 v000001d75cb3ef20_0;
    %addi 1, 0, 8;
    %store/vec4 v000001d75cb3ef20_0, 0, 8;
    %end;
    .scope S_000001d75cb36c40;
t_0 %join;
    %jmp T_2;
    .thread T_2;
    .scope S_000001d75cb36c40;
T_3 ;
T_3.0 ;
    %delay 5, 0;
    %load/vec4 v000001d75cb3ea80_0;
    %inv;
    %store/vec4 v000001d75cb3ea80_0, 0, 1;
    %jmp T_3.0;
    %end;
    .thread T_3;
# The file index is used to find the file name in the following table.
:file_names 3;
    "N/A";
    "<interactive>";
    "counter.v";
