#! /c/Source/iverilog-install/bin/vvp
:ivl_version "12.0 (devel)" "(s20150603-1539-g2693dd32b)";
:ivl_delay_selection "TYPICAL";
:vpi_time_precision + 0;
:vpi_module "C:\iverilog\lib\ivl\system.vpi";
:vpi_module "C:\iverilog\lib\ivl\vhdl_sys.vpi";
:vpi_module "C:\iverilog\lib\ivl\vhdl_textio.vpi";
:vpi_module "C:\iverilog\lib\ivl\v2005_math.vpi";
:vpi_module "C:\iverilog\lib\ivl\va_math.vpi";
S_000002af9e196050 .scope module, "tb" "tb" 2 4;
 .timescale 0 0;
v000002af9e1d98e0_0 .net "a", 0 0, v000002af9e19d490_0;  1 drivers
v000002af9e1d9980_0 .net "b", 0 0, v000002af9e196410_0;  1 drivers
v000002af9e1d9a20_0 .net "c", 0 0, v000002af9e19d3f0_0;  1 drivers
v000002af9e1d9ac0_0 .var "comman", 5 0;
v000002af9e1d9b60_0 .net "d", 0 0, v000002af9e19d530_0;  1 drivers
v000002af9e244160_0 .net "ded", 2 0, v000002af9e196370_0;  1 drivers
v000002af9e244480_0 .net "e", 0 0, v000002af9e19d350_0;  1 drivers
v000002af9e243da0_0 .var "ed", 0 0;
v000002af9e243e40_0 .net "f", 0 0, v000002af9e19d710_0;  1 drivers
S_000002af9e1961e0 .scope module, "s1" "contol" 2 12, 2 22 0, S_000002af9e196050;
 .timescale 0 0;
    .port_info 0 /INPUT 1 "equal";
    .port_info 1 /INPUT 6 "comman";
    .port_info 2 /OUTPUT 1 "RegDst";
    .port_info 3 /OUTPUT 1 "AluSrc";
    .port_info 4 /OUTPUT 1 "MemtoReg";
    .port_info 5 /OUTPUT 1 "RegWr";
    .port_info 6 /OUTPUT 1 "MemWr";
    .port_info 7 /OUTPUT 1 "nPC_sel";
    .port_info 8 /OUTPUT 3 "ALUctr";
v000002af9e196370_0 .var "ALUctr", 2 0;
v000002af9e196410_0 .var "AluSrc", 0 0;
v000002af9e19d350_0 .var "MemWr", 0 0;
v000002af9e19d3f0_0 .var "MemtoReg", 0 0;
v000002af9e19d490_0 .var "RegDst", 0 0;
v000002af9e19d530_0 .var "RegWr", 0 0;
v000002af9e19d5d0_0 .net "comman", 5 0, v000002af9e1d9ac0_0;  1 drivers
v000002af9e19d670_0 .net "equal", 0 0, v000002af9e243da0_0;  1 drivers
v000002af9e19d710_0 .var "nPC_sel", 0 0;
E_000002af9e1d7980 .event anyedge, v000002af9e19d5d0_0, v000002af9e19d670_0;
    .scope S_000002af9e1961e0;
T_0 ;
    %wait E_000002af9e1d7980;
    %load/vec4 v000002af9e19d5d0_0;
    %load/vec4 v000002af9e19d670_0;
    %concat/vec4; draw_concat_vec4
    %dup/vec4;
    %pushi/vec4 0, 1, 7;
    %cmp/z;
    %jmp/1 T_0.0, 4;
    %dup/vec4;
    %pushi/vec4 2, 1, 7;
    %cmp/z;
    %jmp/1 T_0.1, 4;
    %dup/vec4;
    %pushi/vec4 5, 0, 7;
    %cmp/z;
    %jmp/1 T_0.2, 4;
    %dup/vec4;
    %pushi/vec4 6, 1, 7;
    %cmp/z;
    %jmp/1 T_0.3, 4;
    %dup/vec4;
    %pushi/vec4 8, 1, 7;
    %cmp/z;
    %jmp/1 T_0.4, 4;
    %dup/vec4;
    %pushi/vec4 10, 1, 7;
    %cmp/z;
    %jmp/1 T_0.5, 4;
    %dup/vec4;
    %pushi/vec4 12, 1, 7;
    %cmp/z;
    %jmp/1 T_0.6, 4;
    %dup/vec4;
    %pushi/vec4 14, 1, 7;
    %cmp/z;
    %jmp/1 T_0.7, 4;
    %jmp T_0.8;
T_0.0 ;
    %pushi/vec4 0, 0, 1;
    %store/vec4 v000002af9e19d490_0, 0, 1;
    %pushi/vec4 1, 0, 1;
    %store/vec4 v000002af9e196410_0, 0, 1;
    %pushi/vec4 1, 0, 1;
    %store/vec4 v000002af9e19d3f0_0, 0, 1;
    %pushi/vec4 1, 0, 1;
    %store/vec4 v000002af9e19d530_0, 0, 1;
    %pushi/vec4 0, 0, 1;
    %store/vec4 v000002af9e19d350_0, 0, 1;
    %pushi/vec4 0, 0, 1;
    %store/vec4 v000002af9e19d710_0, 0, 1;
    %pushi/vec4 0, 0, 3;
    %store/vec4 v000002af9e196370_0, 0, 3;
    %jmp T_0.8;
T_0.1 ;
    %pushi/vec4 0, 0, 1;
    %store/vec4 v000002af9e19d490_0, 0, 1;
    %pushi/vec4 1, 0, 1;
    %store/vec4 v000002af9e196410_0, 0, 1;
    %pushi/vec4 0, 0, 1;
    %store/vec4 v000002af9e19d3f0_0, 0, 1;
    %pushi/vec4 1, 0, 1;
    %store/vec4 v000002af9e19d530_0, 0, 1;
    %pushi/vec4 0, 0, 1;
    %store/vec4 v000002af9e19d350_0, 0, 1;
    %pushi/vec4 0, 0, 1;
    %store/vec4 v000002af9e19d710_0, 0, 1;
    %pushi/vec4 0, 0, 3;
    %store/vec4 v000002af9e196370_0, 0, 3;
    %jmp T_0.8;
T_0.2 ;
    %pushi/vec4 0, 0, 1;
    %store/vec4 v000002af9e19d490_0, 0, 1;
    %pushi/vec4 0, 0, 1;
    %store/vec4 v000002af9e196410_0, 0, 1;
    %pushi/vec4 0, 0, 1;
    %store/vec4 v000002af9e19d3f0_0, 0, 1;
    %pushi/vec4 0, 0, 1;
    %store/vec4 v000002af9e19d530_0, 0, 1;
    %pushi/vec4 0, 0, 1;
    %store/vec4 v000002af9e19d350_0, 0, 1;
    %pushi/vec4 1, 0, 1;
    %store/vec4 v000002af9e19d710_0, 0, 1;
    %pushi/vec4 1, 0, 3;
    %store/vec4 v000002af9e196370_0, 0, 3;
    %jmp T_0.8;
T_0.3 ;
    %pushi/vec4 1, 0, 1;
    %store/vec4 v000002af9e19d490_0, 0, 1;
    %pushi/vec4 0, 0, 1;
    %store/vec4 v000002af9e196410_0, 0, 1;
    %pushi/vec4 0, 0, 1;
    %store/vec4 v000002af9e19d3f0_0, 0, 1;
    %pushi/vec4 1, 0, 1;
    %store/vec4 v000002af9e19d530_0, 0, 1;
    %pushi/vec4 0, 0, 1;
    %store/vec4 v000002af9e19d350_0, 0, 1;
    %pushi/vec4 0, 0, 1;
    %store/vec4 v000002af9e19d710_0, 0, 1;
    %pushi/vec4 0, 0, 3;
    %store/vec4 v000002af9e196370_0, 0, 3;
    %jmp T_0.8;
T_0.4 ;
    %pushi/vec4 1, 0, 1;
    %store/vec4 v000002af9e19d490_0, 0, 1;
    %pushi/vec4 0, 0, 1;
    %store/vec4 v000002af9e196410_0, 0, 1;
    %pushi/vec4 0, 0, 1;
    %store/vec4 v000002af9e19d3f0_0, 0, 1;
    %pushi/vec4 1, 0, 1;
    %store/vec4 v000002af9e19d530_0, 0, 1;
    %pushi/vec4 0, 0, 1;
    %store/vec4 v000002af9e19d350_0, 0, 1;
    %pushi/vec4 0, 0, 1;
    %store/vec4 v000002af9e19d710_0, 0, 1;
    %pushi/vec4 1, 0, 3;
    %store/vec4 v000002af9e196370_0, 0, 3;
    %jmp T_0.8;
T_0.5 ;
    %pushi/vec4 1, 0, 1;
    %store/vec4 v000002af9e19d490_0, 0, 1;
    %pushi/vec4 0, 0, 1;
    %store/vec4 v000002af9e196410_0, 0, 1;
    %pushi/vec4 0, 0, 1;
    %store/vec4 v000002af9e19d3f0_0, 0, 1;
    %pushi/vec4 1, 0, 1;
    %store/vec4 v000002af9e19d530_0, 0, 1;
    %pushi/vec4 0, 0, 1;
    %store/vec4 v000002af9e19d350_0, 0, 1;
    %pushi/vec4 0, 0, 1;
    %store/vec4 v000002af9e19d710_0, 0, 1;
    %pushi/vec4 2, 0, 3;
    %store/vec4 v000002af9e196370_0, 0, 3;
    %jmp T_0.8;
T_0.6 ;
    %pushi/vec4 1, 0, 1;
    %store/vec4 v000002af9e19d490_0, 0, 1;
    %pushi/vec4 0, 0, 1;
    %store/vec4 v000002af9e196410_0, 0, 1;
    %pushi/vec4 0, 0, 1;
    %store/vec4 v000002af9e19d3f0_0, 0, 1;
    %pushi/vec4 1, 0, 1;
    %store/vec4 v000002af9e19d530_0, 0, 1;
    %pushi/vec4 0, 0, 1;
    %store/vec4 v000002af9e19d350_0, 0, 1;
    %pushi/vec4 0, 0, 1;
    %store/vec4 v000002af9e19d710_0, 0, 1;
    %pushi/vec4 4, 0, 3;
    %store/vec4 v000002af9e196370_0, 0, 3;
    %jmp T_0.8;
T_0.7 ;
    %pushi/vec4 1, 0, 1;
    %store/vec4 v000002af9e19d490_0, 0, 1;
    %pushi/vec4 0, 0, 1;
    %store/vec4 v000002af9e196410_0, 0, 1;
    %pushi/vec4 0, 0, 1;
    %store/vec4 v000002af9e19d3f0_0, 0, 1;
    %pushi/vec4 1, 0, 1;
    %store/vec4 v000002af9e19d530_0, 0, 1;
    %pushi/vec4 0, 0, 1;
    %store/vec4 v000002af9e19d350_0, 0, 1;
    %pushi/vec4 0, 0, 1;
    %store/vec4 v000002af9e19d710_0, 0, 1;
    %pushi/vec4 6, 0, 3;
    %store/vec4 v000002af9e196370_0, 0, 3;
    %jmp T_0.8;
T_0.8 ;
    %pop/vec4 1;
    %jmp T_0;
    .thread T_0, $push;
    .scope S_000002af9e196050;
T_1 ;
    %vpi_call 2 14 "$display", " RegDst AluSrc  MemtoReg  RegWr  MemWr nPC_sel " {0 0 0};
    %vpi_call 2 15 "$monitor", "%b  %b  %b  %b  %b  %b  %b ", v000002af9e1d98e0_0, v000002af9e1d9980_0, v000002af9e1d9a20_0, v000002af9e1d9b60_0, v000002af9e244480_0, v000002af9e243e40_0, v000002af9e244160_0 {0 0 0};
    %delay 1, 0;
    %pushi/vec4 0, 0, 6;
    %store/vec4 v000002af9e1d9ac0_0, 0, 6;
    %pushi/vec4 0, 0, 1;
    %store/vec4 v000002af9e243da0_0, 0, 1;
    %delay 1, 0;
    %pushi/vec4 5, 0, 6;
    %store/vec4 v000002af9e1d9ac0_0, 0, 6;
    %pushi/vec4 1, 0, 1;
    %store/vec4 v000002af9e243da0_0, 0, 1;
    %end;
    .thread T_1;
# The file index is used to find the file name in the following table.
:file_names 3;
    "N/A";
    "<interactive>";
    "try.v";
