#! /c/Source/iverilog-install/bin/vvp
:ivl_version "12.0 (devel)" "(s20150603-1539-g2693dd32b)";
:ivl_delay_selection "TYPICAL";
:vpi_time_precision + 0;
:vpi_module "D:\iverilog\lib\ivl\system.vpi";
:vpi_module "D:\iverilog\lib\ivl\vhdl_sys.vpi";
:vpi_module "D:\iverilog\lib\ivl\vhdl_textio.vpi";
:vpi_module "D:\iverilog\lib\ivl\v2005_math.vpi";
:vpi_module "D:\iverilog\lib\ivl\va_math.vpi";
S_0000017d73536c40 .scope module, "blocking" "blocking" 2 1;
 .timescale 0 0;
v0000017d73537670_0 .var/2u *"_ivl_0", 0 0; Local signal
v0000017d73536dd0_0 .var *"_ivl_1", 2 0; Local signal
v0000017d73536e70_0 .var/i "count", 31 0;
v0000017d73536f10_0 .var "reg_a", 15 0;
v0000017d7353bb60_0 .var "reg_b", 15 0;
v0000017d7353bc00_0 .var "x", 0 0;
v0000017d7353bca0_0 .var "y", 0 0;
v0000017d7353bd40_0 .var "z", 0 0;
    .scope S_0000017d73536c40;
T_0 ;
    %vpi_call 2 8 "$monitor", $time, " a= %b b= %b", v0000017d73536f10_0, v0000017d7353bb60_0 {0 0 0};
    %pushi/vec4 0, 0, 1;
    %store/vec4 v0000017d7353bc00_0, 0, 1;
    %pushi/vec4 0, 0, 1;
    %store/vec4 v0000017d7353bca0_0, 0, 1;
    %pushi/vec4 1, 0, 1;
    %store/vec4 v0000017d7353bd40_0, 0, 1;
    %pushi/vec4 0, 0, 32;
    %store/vec4 v0000017d73536e70_0, 0, 32;
    %pushi/vec4 0, 0, 16;
    %store/vec4 v0000017d73536f10_0, 0, 16;
    %load/vec4 v0000017d73536f10_0;
    %store/vec4 v0000017d7353bb60_0, 0, 16;
    %pushi/vec4 1, 0, 1;
    %store/vec4 v0000017d73537670_0, 0, 1;
    %pushi/vec4 15, 0, 64;
    %ix/vec4 4;
    %delayx 4;
    %load/vec4 v0000017d73537670_0;
    %ix/load 4, 2, 0;
    %flag_set/imm 4, 0;
    %store/vec4 v0000017d73536f10_0, 4, 1;
    %load/vec4 v0000017d7353bc00_0;
    %load/vec4 v0000017d7353bca0_0;
    %concat/vec4; draw_concat_vec4
    %load/vec4 v0000017d7353bd40_0;
    %concat/vec4; draw_concat_vec4
    %store/vec4 v0000017d73536dd0_0, 0, 3;
    %pushi/vec4 10, 0, 64;
    %ix/vec4 4;
    %delayx 4;
    %load/vec4 v0000017d73536dd0_0;
    %ix/load 4, 13, 0;
    %flag_set/imm 4, 0;
    %store/vec4 v0000017d7353bb60_0, 4, 3;
    %load/vec4 v0000017d73536e70_0;
    %addi 1, 0, 32;
    %store/vec4 v0000017d73536e70_0, 0, 32;
    %end;
    .thread T_0;
# The file index is used to find the file name in the following table.
:file_names 3;
    "N/A";
    "<interactive>";
    "blocking.v";
