#! /c/Source/iverilog-install/bin/vvp
:ivl_version "12.0 (devel)" "(s20150603-1539-g2693dd32b)";
:ivl_delay_selection "TYPICAL";
:vpi_time_precision + 0;
:vpi_module "D:\iverilog\lib\ivl\system.vpi";
:vpi_module "D:\iverilog\lib\ivl\vhdl_sys.vpi";
:vpi_module "D:\iverilog\lib\ivl\vhdl_textio.vpi";
:vpi_module "D:\iverilog\lib\ivl\v2005_math.vpi";
:vpi_module "D:\iverilog\lib\ivl\va_math.vpi";
S_00000282d26f6b30 .scope module, "nonblocking" "nonblocking" 2 1;
 .timescale 0 0;
v00000282d26f7670_0 .var/i "count", 31 0;
v00000282d26fbe40_0 .var "reg_a", 15 0;
v00000282d26fbee0_0 .var "reg_b", 15 0;
v00000282d26f6cc0_0 .var "x", 0 0;
v00000282d26f6d60_0 .var "y", 0 0;
v00000282d26f6e00_0 .var "z", 0 0;
    .scope S_00000282d26f6b30;
T_0 ;
    %vpi_call 2 8 "$monitor", $time, " a= %b b= %b", v00000282d26fbe40_0, v00000282d26fbee0_0 {0 0 0};
    %pushi/vec4 0, 0, 1;
    %store/vec4 v00000282d26f6cc0_0, 0, 1;
    %pushi/vec4 0, 0, 1;
    %store/vec4 v00000282d26f6d60_0, 0, 1;
    %pushi/vec4 1, 0, 1;
    %store/vec4 v00000282d26f6e00_0, 0, 1;
    %pushi/vec4 0, 0, 32;
    %store/vec4 v00000282d26f7670_0, 0, 32;
    %pushi/vec4 0, 0, 16;
    %store/vec4 v00000282d26fbe40_0, 0, 16;
    %load/vec4 v00000282d26fbe40_0;
    %store/vec4 v00000282d26fbee0_0, 0, 16;
    %pushi/vec4 1, 0, 1;
    %ix/load 4, 2, 0;
    %ix/load 5, 15, 0;
    %flag_set/imm 4, 0;
    %assign/vec4/off/d v00000282d26fbe40_0, 4, 5;
    %load/vec4 v00000282d26f6cc0_0;
    %load/vec4 v00000282d26f6d60_0;
    %concat/vec4; draw_concat_vec4
    %load/vec4 v00000282d26f6e00_0;
    %concat/vec4; draw_concat_vec4
    %ix/load 4, 13, 0;
    %ix/load 5, 10, 0;
    %flag_set/imm 4, 0;
    %assign/vec4/off/d v00000282d26fbee0_0, 4, 5;
    %load/vec4 v00000282d26f7670_0;
    %addi 1, 0, 32;
    %store/vec4 v00000282d26f7670_0, 0, 32;
    %end;
    .thread T_0;
# The file index is used to find the file name in the following table.
:file_names 3;
    "N/A";
    "<interactive>";
    "nonblocking.v";
