#! /c/Source/iverilog-install/bin/vvp
:ivl_version "12.0 (devel)" "(s20150603-1539-g2693dd32b)";
:ivl_delay_selection "TYPICAL";
:vpi_time_precision + 0;
:vpi_module "C:\iverilog\lib\ivl\system.vpi";
:vpi_module "C:\iverilog\lib\ivl\vhdl_sys.vpi";
:vpi_module "C:\iverilog\lib\ivl\vhdl_textio.vpi";
:vpi_module "C:\iverilog\lib\ivl\v2005_math.vpi";
:vpi_module "C:\iverilog\lib\ivl\va_math.vpi";
S_000002022ed81260 .scope module, "test" "test" 2 153;
 .timescale 0 0;
v000002022edd9bc0_0 .var "a", 31 0;
v000002022edd98a0_0 .var "b", 31 0;
v000002022edd9580_0 .net "result", 31 0, v000002022ed64c20_0;  1 drivers
S_000002022ed5e470 .scope module, "try" "sumador_fp" 2 157, 2 1 0, S_000002022ed81260;
 .timescale 0 0;
    .port_info 0 /INPUT 32 "A";
    .port_info 1 /INPUT 32 "B";
    .port_info 2 /OUTPUT 32 "Resultado";
v000002022ed334d0_0 .net "A", 31 0, v000002022edd9bc0_0;  1 drivers
v000002022ed5e600_0 .net "B", 31 0, v000002022edd98a0_0;  1 drivers
v000002022ed5e6a0_0 .var "EA", 7 0;
v000002022ed32ce0_0 .var "EB", 7 0;
v000002022ed32d80_0 .var "ED", 7 0;
v000002022ed32e20_0 .var "EM", 4 0;
v000002022ed32ec0_0 .var "EX", 7 0;
v000002022ed32f60_0 .var "MA", 22 0;
v000002022ed33000_0 .var "MA2", 25 0;
v000002022ed330a0_0 .var "MB", 22 0;
v000002022ed64ae0_0 .var "MB2", 25 0;
v000002022ed64b80_0 .var "MR", 25 0;
v000002022ed64c20_0 .var "Resultado", 31 0;
v000002022ed64cc0_0 .var "SA", 0 0;
v000002022ed64d60_0 .var "SB", 0 0;
v000002022ed64e00_0 .var "SR", 0 0;
E_000002022ed593e0/0 .event anyedge, v000002022ed334d0_0, v000002022ed5e600_0, v000002022ed5e6a0_0, v000002022ed32ce0_0;
E_000002022ed593e0/1 .event anyedge, v000002022ed32f60_0, v000002022ed330a0_0, v000002022ed64cc0_0, v000002022ed32d80_0;
E_000002022ed593e0/2 .event anyedge, v000002022ed64d60_0, v000002022ed33000_0, v000002022ed64ae0_0, v000002022ed64b80_0;
E_000002022ed593e0/3 .event anyedge, v000002022ed32e20_0, v000002022ed32ec0_0, v000002022ed64e00_0;
E_000002022ed593e0 .event/or E_000002022ed593e0/0, E_000002022ed593e0/1, E_000002022ed593e0/2, E_000002022ed593e0/3;
    .scope S_000002022ed5e470;
T_0 ;
    %load/vec4 v000002022ed334d0_0;
    %parti/s 23, 0, 2;
    %store/vec4 v000002022ed32f60_0, 0, 23;
    %load/vec4 v000002022ed5e600_0;
    %parti/s 23, 0, 2;
    %store/vec4 v000002022ed330a0_0, 0, 23;
    %load/vec4 v000002022ed334d0_0;
    %parti/s 8, 23, 6;
    %store/vec4 v000002022ed5e6a0_0, 0, 8;
    %load/vec4 v000002022ed5e600_0;
    %parti/s 8, 23, 6;
    %store/vec4 v000002022ed32ce0_0, 0, 8;
    %load/vec4 v000002022ed334d0_0;
    %parti/s 1, 31, 6;
    %store/vec4 v000002022ed64cc0_0, 0, 1;
    %load/vec4 v000002022ed5e600_0;
    %parti/s 1, 31, 6;
    %store/vec4 v000002022ed64d60_0, 0, 1;
    %end;
    .thread T_0;
    .scope S_000002022ed5e470;
T_1 ;
    %wait E_000002022ed593e0;
    %load/vec4 v000002022ed334d0_0;
    %parti/s 23, 0, 2;
    %store/vec4 v000002022ed32f60_0, 0, 23;
    %load/vec4 v000002022ed5e600_0;
    %parti/s 23, 0, 2;
    %store/vec4 v000002022ed330a0_0, 0, 23;
    %load/vec4 v000002022ed334d0_0;
    %parti/s 8, 23, 6;
    %store/vec4 v000002022ed5e6a0_0, 0, 8;
    %load/vec4 v000002022ed5e600_0;
    %parti/s 8, 23, 6;
    %store/vec4 v000002022ed32ce0_0, 0, 8;
    %load/vec4 v000002022ed334d0_0;
    %parti/s 1, 31, 6;
    %store/vec4 v000002022ed64cc0_0, 0, 1;
    %load/vec4 v000002022ed5e600_0;
    %parti/s 1, 31, 6;
    %store/vec4 v000002022ed64d60_0, 0, 1;
    %load/vec4 v000002022ed5e6a0_0;
    %load/vec4 v000002022ed32ce0_0;
    %sub;
    %store/vec4 v000002022ed32d80_0, 0, 8;
    %load/vec4 v000002022ed5e6a0_0;
    %load/vec4 v000002022ed32ce0_0;
    %cmp/e;
    %jmp/0xz  T_1.0, 4;
    %load/vec4 v000002022ed5e6a0_0;
    %store/vec4 v000002022ed32ec0_0, 0, 8;
    %pushi/vec4 0, 0, 2;
    %concati/vec4 1, 0, 1;
    %load/vec4 v000002022ed32f60_0;
    %concat/vec4; draw_concat_vec4
    %store/vec4 v000002022ed33000_0, 0, 26;
    %pushi/vec4 0, 0, 2;
    %concati/vec4 1, 0, 1;
    %load/vec4 v000002022ed330a0_0;
    %concat/vec4; draw_concat_vec4
    %store/vec4 v000002022ed64ae0_0, 0, 26;
    %load/vec4 v000002022ed64cc0_0;
    %store/vec4 v000002022ed64e00_0, 0, 1;
T_1.0 ;
    %load/vec4 v000002022ed5e6a0_0;
    %load/vec4 v000002022ed32ce0_0;
    %cmp/u;
    %jmp/0xz  T_1.2, 5;
    %load/vec4 v000002022ed32d80_0;
    %inv;
    %addi 1, 0, 8;
    %store/vec4 v000002022ed32d80_0, 0, 8;
    %pushi/vec4 1, 0, 1;
    %load/vec4 v000002022ed32f60_0;
    %concat/vec4; draw_concat_vec4
    %ix/getv 4, v000002022ed32d80_0;
    %shiftr 4;
    %pad/u 23;
    %store/vec4 v000002022ed32f60_0, 0, 23;
    %load/vec4 v000002022ed32ce0_0;
    %store/vec4 v000002022ed32ec0_0, 0, 8;
    %pushi/vec4 0, 0, 3;
    %load/vec4 v000002022ed32f60_0;
    %concat/vec4; draw_concat_vec4
    %store/vec4 v000002022ed33000_0, 0, 26;
    %pushi/vec4 0, 0, 2;
    %concati/vec4 1, 0, 1;
    %load/vec4 v000002022ed330a0_0;
    %concat/vec4; draw_concat_vec4
    %store/vec4 v000002022ed64ae0_0, 0, 26;
    %load/vec4 v000002022ed64d60_0;
    %store/vec4 v000002022ed64e00_0, 0, 1;
T_1.2 ;
    %load/vec4 v000002022ed32ce0_0;
    %load/vec4 v000002022ed5e6a0_0;
    %cmp/u;
    %jmp/0xz  T_1.4, 5;
    %load/vec4 v000002022ed32d80_0;
    %inv;
    %addi 1, 0, 8;
    %store/vec4 v000002022ed32d80_0, 0, 8;
    %pushi/vec4 1, 0, 1;
    %load/vec4 v000002022ed330a0_0;
    %concat/vec4; draw_concat_vec4
    %ix/getv 4, v000002022ed32d80_0;
    %shiftr 4;
    %pad/u 23;
    %store/vec4 v000002022ed330a0_0, 0, 23;
    %load/vec4 v000002022ed5e6a0_0;
    %store/vec4 v000002022ed32ec0_0, 0, 8;
    %pushi/vec4 0, 0, 2;
    %concati/vec4 1, 0, 1;
    %load/vec4 v000002022ed32f60_0;
    %concat/vec4; draw_concat_vec4
    %store/vec4 v000002022ed33000_0, 0, 26;
    %pushi/vec4 0, 0, 3;
    %load/vec4 v000002022ed330a0_0;
    %concat/vec4; draw_concat_vec4
    %store/vec4 v000002022ed64ae0_0, 0, 26;
    %load/vec4 v000002022ed64cc0_0;
    %store/vec4 v000002022ed64e00_0, 0, 1;
T_1.4 ;
    %load/vec4 v000002022ed64cc0_0;
    %pad/u 32;
    %cmpi/e 1, 0, 32;
    %jmp/0xz  T_1.6, 4;
    %load/vec4 v000002022ed33000_0;
    %inv;
    %addi 1, 0, 26;
    %store/vec4 v000002022ed33000_0, 0, 26;
    %jmp T_1.7;
T_1.6 ;
    %load/vec4 v000002022ed33000_0;
    %store/vec4 v000002022ed33000_0, 0, 26;
T_1.7 ;
    %load/vec4 v000002022ed64d60_0;
    %pad/u 32;
    %cmpi/e 1, 0, 32;
    %jmp/0xz  T_1.8, 4;
    %load/vec4 v000002022ed64ae0_0;
    %inv;
    %addi 1, 0, 26;
    %store/vec4 v000002022ed64ae0_0, 0, 26;
    %jmp T_1.9;
T_1.8 ;
    %load/vec4 v000002022ed64ae0_0;
    %store/vec4 v000002022ed64ae0_0, 0, 26;
T_1.9 ;
    %load/vec4 v000002022ed33000_0;
    %load/vec4 v000002022ed64ae0_0;
    %add;
    %store/vec4 v000002022ed64b80_0, 0, 26;
    %load/vec4 v000002022ed64b80_0;
    %parti/s 1, 25, 6;
    %pad/u 32;
    %cmpi/e 1, 0, 32;
    %jmp/0xz  T_1.10, 4;
    %load/vec4 v000002022ed64b80_0;
    %inv;
    %addi 1, 0, 26;
    %store/vec4 v000002022ed64b80_0, 0, 26;
T_1.10 ;
    %load/vec4 v000002022ed64b80_0;
    %parti/s 3, 23, 6;
    %cmpi/e 0, 0, 3;
    %jmp/0xz  T_1.12, 4;
    %load/vec4 v000002022ed64b80_0;
    %parti/s 1, 22, 6;
    %pad/u 32;
    %cmpi/e 1, 0, 32;
    %jmp/0xz  T_1.14, 4;
    %pushi/vec4 1, 0, 5;
    %store/vec4 v000002022ed32e20_0, 0, 5;
    %jmp T_1.15;
T_1.14 ;
    %load/vec4 v000002022ed64b80_0;
    %parti/s 1, 21, 6;
    %pad/u 32;
    %cmpi/e 1, 0, 32;
    %jmp/0xz  T_1.16, 4;
    %pushi/vec4 2, 0, 5;
    %store/vec4 v000002022ed32e20_0, 0, 5;
    %jmp T_1.17;
T_1.16 ;
    %load/vec4 v000002022ed64b80_0;
    %parti/s 1, 20, 6;
    %pad/u 32;
    %cmpi/e 1, 0, 32;
    %jmp/0xz  T_1.18, 4;
    %pushi/vec4 3, 0, 5;
    %store/vec4 v000002022ed32e20_0, 0, 5;
    %jmp T_1.19;
T_1.18 ;
    %load/vec4 v000002022ed64b80_0;
    %parti/s 1, 19, 6;
    %pad/u 32;
    %cmpi/e 1, 0, 32;
    %jmp/0xz  T_1.20, 4;
    %pushi/vec4 4, 0, 5;
    %store/vec4 v000002022ed32e20_0, 0, 5;
    %jmp T_1.21;
T_1.20 ;
    %load/vec4 v000002022ed64b80_0;
    %parti/s 1, 18, 6;
    %pad/u 32;
    %cmpi/e 1, 0, 32;
    %jmp/0xz  T_1.22, 4;
    %pushi/vec4 5, 0, 5;
    %store/vec4 v000002022ed32e20_0, 0, 5;
    %jmp T_1.23;
T_1.22 ;
    %load/vec4 v000002022ed64b80_0;
    %parti/s 1, 17, 6;
    %pad/u 32;
    %cmpi/e 1, 0, 32;
    %jmp/0xz  T_1.24, 4;
    %pushi/vec4 6, 0, 5;
    %store/vec4 v000002022ed32e20_0, 0, 5;
    %jmp T_1.25;
T_1.24 ;
    %load/vec4 v000002022ed64b80_0;
    %parti/s 1, 16, 6;
    %pad/u 32;
    %cmpi/e 1, 0, 32;
    %jmp/0xz  T_1.26, 4;
    %pushi/vec4 7, 0, 5;
    %store/vec4 v000002022ed32e20_0, 0, 5;
    %jmp T_1.27;
T_1.26 ;
    %load/vec4 v000002022ed64b80_0;
    %parti/s 1, 15, 5;
    %pad/u 32;
    %cmpi/e 1, 0, 32;
    %jmp/0xz  T_1.28, 4;
    %pushi/vec4 8, 0, 5;
    %store/vec4 v000002022ed32e20_0, 0, 5;
    %jmp T_1.29;
T_1.28 ;
    %load/vec4 v000002022ed64b80_0;
    %parti/s 1, 14, 5;
    %pad/u 32;
    %cmpi/e 1, 0, 32;
    %jmp/0xz  T_1.30, 4;
    %pushi/vec4 9, 0, 5;
    %store/vec4 v000002022ed32e20_0, 0, 5;
    %jmp T_1.31;
T_1.30 ;
    %load/vec4 v000002022ed64b80_0;
    %parti/s 1, 13, 5;
    %pad/u 32;
    %cmpi/e 1, 0, 32;
    %jmp/0xz  T_1.32, 4;
    %pushi/vec4 10, 0, 5;
    %store/vec4 v000002022ed32e20_0, 0, 5;
    %jmp T_1.33;
T_1.32 ;
    %load/vec4 v000002022ed64b80_0;
    %parti/s 1, 12, 5;
    %pad/u 32;
    %cmpi/e 1, 0, 32;
    %jmp/0xz  T_1.34, 4;
    %pushi/vec4 11, 0, 5;
    %store/vec4 v000002022ed32e20_0, 0, 5;
    %jmp T_1.35;
T_1.34 ;
    %load/vec4 v000002022ed64b80_0;
    %parti/s 1, 11, 5;
    %pad/u 32;
    %cmpi/e 1, 0, 32;
    %jmp/0xz  T_1.36, 4;
    %pushi/vec4 12, 0, 5;
    %store/vec4 v000002022ed32e20_0, 0, 5;
    %jmp T_1.37;
T_1.36 ;
    %load/vec4 v000002022ed64b80_0;
    %parti/s 1, 10, 5;
    %pad/u 32;
    %cmpi/e 1, 0, 32;
    %jmp/0xz  T_1.38, 4;
    %pushi/vec4 13, 0, 5;
    %store/vec4 v000002022ed32e20_0, 0, 5;
    %jmp T_1.39;
T_1.38 ;
    %load/vec4 v000002022ed64b80_0;
    %parti/s 1, 9, 5;
    %pad/u 32;
    %cmpi/e 1, 0, 32;
    %jmp/0xz  T_1.40, 4;
    %pushi/vec4 14, 0, 5;
    %store/vec4 v000002022ed32e20_0, 0, 5;
    %jmp T_1.41;
T_1.40 ;
    %load/vec4 v000002022ed64b80_0;
    %parti/s 1, 8, 5;
    %pad/u 32;
    %cmpi/e 1, 0, 32;
    %jmp/0xz  T_1.42, 4;
    %pushi/vec4 15, 0, 5;
    %store/vec4 v000002022ed32e20_0, 0, 5;
    %jmp T_1.43;
T_1.42 ;
    %load/vec4 v000002022ed64b80_0;
    %parti/s 1, 7, 4;
    %pad/u 32;
    %cmpi/e 1, 0, 32;
    %jmp/0xz  T_1.44, 4;
    %pushi/vec4 16, 0, 5;
    %store/vec4 v000002022ed32e20_0, 0, 5;
    %jmp T_1.45;
T_1.44 ;
    %load/vec4 v000002022ed64b80_0;
    %parti/s 1, 6, 4;
    %pad/u 32;
    %cmpi/e 1, 0, 32;
    %jmp/0xz  T_1.46, 4;
    %pushi/vec4 17, 0, 5;
    %store/vec4 v000002022ed32e20_0, 0, 5;
    %jmp T_1.47;
T_1.46 ;
    %load/vec4 v000002022ed64b80_0;
    %parti/s 1, 5, 4;
    %pad/u 32;
    %cmpi/e 1, 0, 32;
    %jmp/0xz  T_1.48, 4;
    %pushi/vec4 18, 0, 5;
    %store/vec4 v000002022ed32e20_0, 0, 5;
    %jmp T_1.49;
T_1.48 ;
    %load/vec4 v000002022ed64b80_0;
    %parti/s 1, 4, 4;
    %pad/u 32;
    %cmpi/e 1, 0, 32;
    %jmp/0xz  T_1.50, 4;
    %pushi/vec4 19, 0, 5;
    %store/vec4 v000002022ed32e20_0, 0, 5;
    %jmp T_1.51;
T_1.50 ;
    %load/vec4 v000002022ed64b80_0;
    %parti/s 1, 3, 3;
    %pad/u 32;
    %cmpi/e 1, 0, 32;
    %jmp/0xz  T_1.52, 4;
    %pushi/vec4 20, 0, 5;
    %store/vec4 v000002022ed32e20_0, 0, 5;
    %jmp T_1.53;
T_1.52 ;
    %load/vec4 v000002022ed64b80_0;
    %parti/s 1, 2, 3;
    %pad/u 32;
    %cmpi/e 1, 0, 32;
    %jmp/0xz  T_1.54, 4;
    %pushi/vec4 21, 0, 5;
    %store/vec4 v000002022ed32e20_0, 0, 5;
    %jmp T_1.55;
T_1.54 ;
    %load/vec4 v000002022ed64b80_0;
    %parti/s 1, 1, 2;
    %pad/u 32;
    %cmpi/e 1, 0, 32;
    %jmp/0xz  T_1.56, 4;
    %pushi/vec4 22, 0, 5;
    %store/vec4 v000002022ed32e20_0, 0, 5;
    %jmp T_1.57;
T_1.56 ;
    %load/vec4 v000002022ed64b80_0;
    %parti/s 1, 0, 2;
    %pad/u 32;
    %cmpi/e 1, 0, 32;
    %jmp/0xz  T_1.58, 4;
    %pushi/vec4 23, 0, 5;
    %store/vec4 v000002022ed32e20_0, 0, 5;
T_1.58 ;
T_1.57 ;
T_1.55 ;
T_1.53 ;
T_1.51 ;
T_1.49 ;
T_1.47 ;
T_1.45 ;
T_1.43 ;
T_1.41 ;
T_1.39 ;
T_1.37 ;
T_1.35 ;
T_1.33 ;
T_1.31 ;
T_1.29 ;
T_1.27 ;
T_1.25 ;
T_1.23 ;
T_1.21 ;
T_1.19 ;
T_1.17 ;
T_1.15 ;
    %load/vec4 v000002022ed64b80_0;
    %ix/getv 4, v000002022ed32e20_0;
    %shiftl 4;
    %store/vec4 v000002022ed64b80_0, 0, 26;
    %load/vec4 v000002022ed32ec0_0;
    %load/vec4 v000002022ed32e20_0;
    %pad/u 8;
    %sub;
    %store/vec4 v000002022ed32ec0_0, 0, 8;
    %jmp T_1.13;
T_1.12 ;
    %load/vec4 v000002022ed64b80_0;
    %parti/s 3, 23, 6;
    %cmpi/e 1, 0, 3;
    %jmp/0xz  T_1.60, 4;
    %load/vec4 v000002022ed64b80_0;
    %store/vec4 v000002022ed64b80_0, 0, 26;
    %load/vec4 v000002022ed32ec0_0;
    %store/vec4 v000002022ed32ec0_0, 0, 8;
    %jmp T_1.61;
T_1.60 ;
    %load/vec4 v000002022ed64b80_0;
    %parti/s 3, 23, 6;
    %cmpi/e 2, 0, 3;
    %jmp/0xz  T_1.62, 4;
    %load/vec4 v000002022ed64b80_0;
    %ix/load 4, 1, 0;
    %flag_set/imm 4, 0;
    %shiftr 4;
    %store/vec4 v000002022ed64b80_0, 0, 26;
    %load/vec4 v000002022ed32ec0_0;
    %addi 1, 0, 8;
    %store/vec4 v000002022ed32ec0_0, 0, 8;
    %jmp T_1.63;
T_1.62 ;
    %load/vec4 v000002022ed64b80_0;
    %parti/s 3, 23, 6;
    %cmpi/e 3, 0, 3;
    %jmp/0xz  T_1.64, 4;
    %load/vec4 v000002022ed64b80_0;
    %ix/load 4, 1, 0;
    %flag_set/imm 4, 0;
    %shiftr 4;
    %store/vec4 v000002022ed64b80_0, 0, 26;
    %load/vec4 v000002022ed32ec0_0;
    %addi 1, 0, 8;
    %store/vec4 v000002022ed32ec0_0, 0, 8;
T_1.64 ;
T_1.63 ;
T_1.61 ;
T_1.13 ;
    %load/vec4 v000002022ed64e00_0;
    %load/vec4 v000002022ed32ec0_0;
    %concat/vec4; draw_concat_vec4
    %load/vec4 v000002022ed64b80_0;
    %parti/s 23, 0, 2;
    %concat/vec4; draw_concat_vec4
    %store/vec4 v000002022ed64c20_0, 0, 32;
    %jmp T_1;
    .thread T_1, $push;
    .scope S_000002022ed81260;
T_2 ;
    %pushi/vec4 1195436120, 0, 32;
    %store/vec4 v000002022edd9bc0_0, 0, 32;
    %pushi/vec4 1206612116, 0, 32;
    %store/vec4 v000002022edd98a0_0, 0, 32;
    %vpi_call 2 163 "$display", "a     |  b  |   result " {0 0 0};
    %vpi_call 2 164 "$display", "------------------------" {0 0 0};
    %vpi_call 2 165 "$monitor", "%b | %b | %b", v000002022edd9bc0_0, v000002022edd98a0_0, v000002022edd9580_0 {0 0 0};
    %end;
    .thread T_2;
# The file index is used to find the file name in the following table.
:file_names 3;
    "N/A";
    "<interactive>";
    "flootpoint.v";
