#! /c/Source/iverilog-install/bin/vvp
:ivl_version "12.0 (devel)" "(s20150603-1539-g2693dd32b)";
:ivl_delay_selection "TYPICAL";
:vpi_time_precision + 0;
:vpi_module "D:\iverilog\lib\ivl\system.vpi";
:vpi_module "D:\iverilog\lib\ivl\vhdl_sys.vpi";
:vpi_module "D:\iverilog\lib\ivl\vhdl_textio.vpi";
:vpi_module "D:\iverilog\lib\ivl\v2005_math.vpi";
:vpi_module "D:\iverilog\lib\ivl\va_math.vpi";
S_000001f0862f2440 .scope module, "fullAdder" "fullAdder" 2 1;
 .timescale 0 0;
    .port_info 0 /INPUT 1 "a";
    .port_info 1 /INPUT 1 "b";
    .port_info 2 /INPUT 1 "cIn";
    .port_info 3 /OUTPUT 1 "out";
    .port_info 4 /OUTPUT 1 "cOut";
o000001f0863023e8 .functor BUFZ 1, C4<z>; HiZ drive
o000001f086302478 .functor BUFZ 1, C4<z>; HiZ drive
L_000001f0862dfd30 .functor XOR 1, o000001f0863023e8, o000001f086302478, C4<0>, C4<0>;
o000001f0863024a8 .functor BUFZ 1, C4<z>; HiZ drive
L_000001f0862df6a0 .functor XOR 1, L_000001f0862dfd30, o000001f0863024a8, C4<0>, C4<0>;
L_000001f0862df9b0 .functor AND 1, L_000001f0862dfd30, o000001f0863024a8, C4<1>, C4<1>;
L_000001f0862df2b0 .functor AND 1, o000001f0863023e8, o000001f086302478, C4<1>, C4<1>;
L_000001f0862df320 .functor OR 1, L_000001f0862df9b0, L_000001f0862df2b0, C4<0>, C4<0>;
v000001f0862e1cf0_0 .net "a", 0 0, o000001f0863023e8;  0 drivers
v000001f0862e0b70_0 .net "a1", 0 0, L_000001f0862df9b0;  1 drivers
v000001f0862e0710_0 .net "a2", 0 0, L_000001f0862df2b0;  1 drivers
v000001f0862e08f0_0 .net "b", 0 0, o000001f086302478;  0 drivers
v000001f0862d9d50_0 .net "cIn", 0 0, o000001f0863024a8;  0 drivers
v000001f0862da930_0 .net "cOut", 0 0, L_000001f0862df320;  1 drivers
v000001f0862d9f30_0 .net "out", 0 0, L_000001f0862df6a0;  1 drivers
v000001f0862da1b0_0 .net "x1", 0 0, L_000001f0862dfd30;  1 drivers
S_000001f0862f25d0 .scope module, "fullAdder_Delay" "fullAdder_Delay" 2 15;
 .timescale 0 0;
    .port_info 0 /INPUT 1 "a";
    .port_info 1 /INPUT 1 "b";
    .port_info 2 /INPUT 1 "cIn";
    .port_info 3 /OUTPUT 1 "out";
    .port_info 4 /OUTPUT 1 "cOut";
o000001f086302658 .functor BUFZ 1, C4<z>; HiZ drive
o000001f0863026e8 .functor BUFZ 1, C4<z>; HiZ drive
L_000001f0862df390/d .functor XOR 1, o000001f086302658, o000001f0863026e8, C4<0>, C4<0>;
L_000001f0862df390 .delay 1 (5,5,5) L_000001f0862df390/d;
o000001f086302718 .functor BUFZ 1, C4<z>; HiZ drive
L_000001f0862df780/d .functor XOR 1, L_000001f0862df390, o000001f086302718, C4<0>, C4<0>;
L_000001f0862df780 .delay 1 (5,5,5) L_000001f0862df780/d;
L_000001f0862df630/d .functor AND 1, L_000001f0862df390, o000001f086302718, C4<1>, C4<1>;
L_000001f0862df630 .delay 1 (3,3,3) L_000001f0862df630/d;
L_000001f0862df710/d .functor AND 1, o000001f086302658, o000001f0863026e8, C4<1>, C4<1>;
L_000001f0862df710 .delay 1 (3,3,3) L_000001f0862df710/d;
L_000001f0862dfe10/d .functor OR 1, L_000001f0862df630, L_000001f0862df710, C4<0>, C4<0>;
L_000001f0862dfe10 .delay 1 (3,3,3) L_000001f0862dfe10/d;
v000001f08635ac00_0 .net "a", 0 0, o000001f086302658;  0 drivers
v000001f08635aca0_0 .net "a1", 0 0, L_000001f0862df630;  1 drivers
v000001f08635a980_0 .net "a2", 0 0, L_000001f0862df710;  1 drivers
v000001f08635ad40_0 .net "b", 0 0, o000001f0863026e8;  0 drivers
v000001f0863593a0_0 .net "cIn", 0 0, o000001f086302718;  0 drivers
v000001f086359b20_0 .net "cOut", 0 0, L_000001f0862dfe10;  1 drivers
v000001f086359c60_0 .net "out", 0 0, L_000001f0862df780;  1 drivers
v000001f086359800_0 .net "x1", 0 0, L_000001f0862df390;  1 drivers
S_000001f0862e67e0 .scope module, "testbench" "testbench" 3 78;
 .timescale 0 0;
v000001f08635b310_0 .var "a", 3 0;
v000001f08635c710_0 .var "b", 3 0;
v000001f08635c7b0_0 .net "c", 0 0, L_000001f0863610a0;  1 drivers
v000001f08635b9f0_0 .net "out", 3 0, L_000001f08635f500;  1 drivers
S_000001f0862e6970 .scope module, "sumador" "CLA_4bitsDelay" 3 84, 3 2 0, S_000001f0862e67e0;
 .timescale 0 0;
    .port_info 0 /INPUT 4 "a";
    .port_info 1 /INPUT 4 "b";
    .port_info 2 /OUTPUT 4 "out";
    .port_info 3 /OUTPUT 1 "cOut";
L_000001f0862df7f0/d .functor AND 1, L_000001f08635b450, L_000001f08635b590, C4<1>, C4<1>;
L_000001f0862df7f0 .delay 1 (3,3,3) L_000001f0862df7f0/d;
L_000001f0862df400/d .functor XOR 1, L_000001f08635c850, L_000001f08635b630, C4<0>, C4<0>;
L_000001f0862df400 .delay 1 (5,5,5) L_000001f0862df400/d;
L_000001f0862dfa90/d .functor AND 1, L_000001f08635b6d0, L_000001f08635b770, C4<1>, C4<1>;
L_000001f0862dfa90 .delay 1 (3,3,3) L_000001f0862dfa90/d;
L_000001f0862df860/d .functor XOR 1, L_000001f08635ba90, L_000001f08635bb30, C4<0>, C4<0>;
L_000001f0862df860 .delay 1 (5,5,5) L_000001f0862df860/d;
L_000001f0862df470/d .functor AND 1, L_000001f08635ece0, L_000001f08635ed80, C4<1>, C4<1>;
L_000001f0862df470 .delay 1 (3,3,3) L_000001f0862df470/d;
L_000001f0862df4e0/d .functor XOR 1, L_000001f08635fdc0, L_000001f08635f1e0, C4<0>, C4<0>;
L_000001f0862df4e0 .delay 1 (5,5,5) L_000001f0862df4e0/d;
L_000001f0862dfa20/d .functor AND 1, L_000001f08635f640, L_000001f086360360, C4<1>, C4<1>;
L_000001f0862dfa20 .delay 1 (3,3,3) L_000001f0862dfa20/d;
L_000001f0862df8d0/d .functor XOR 1, L_000001f08635f000, L_000001f08635f780, C4<0>, C4<0>;
L_000001f0862df8d0 .delay 1 (5,5,5) L_000001f0862df8d0/d;
L_000001f0863608c0/d .functor AND 1, L_000001f08635ff00, L_000001f08635faa0, C4<1>, C4<1>;
L_000001f0863608c0 .delay 1 (3,3,3) L_000001f0863608c0/d;
L_000001f086360690/d .functor OR 1, L_000001f08635eec0, L_000001f086360220, C4<0>, C4<0>;
L_000001f086360690 .delay 1 (3,3,3) L_000001f086360690/d;
L_000001f0863604d0/d .functor AND 1, L_000001f08635fbe0, L_000001f08635e4c0, C4<1>, C4<1>;
L_000001f0863604d0 .delay 1 (3,3,3) L_000001f0863604d0/d;
L_000001f086360620/d .functor AND 1, L_000001f08635ec40, L_000001f08635f6e0, C4<1>, C4<1>;
L_000001f086360620 .delay 1 (3,3,3) L_000001f086360620/d;
L_000001f0863613b0/d .functor OR 1, L_000001f0863600e0, L_000001f08635ffa0, C4<0>, C4<0>;
L_000001f0863613b0 .delay 1 (3,3,3) L_000001f0863613b0/d;
L_000001f086361180/d .functor OR 1, L_000001f086360040, L_000001f08635ef60, C4<0>, C4<0>;
L_000001f086361180 .delay 1 (3,3,3) L_000001f086361180/d;
L_000001f086360850/d .functor AND 1, L_000001f08635f0a0, L_000001f0863602c0, C4<1>, C4<1>;
L_000001f086360850 .delay 1 (3,3,3) L_000001f086360850/d;
L_000001f086360ee0/d .functor AND 1, L_000001f08635e880, L_000001f08635fb40, C4<1>, C4<1>;
L_000001f086360ee0 .delay 1 (3,3,3) L_000001f086360ee0/d;
L_000001f086360fc0/d .functor AND 1, L_000001f08635e560, L_000001f08635f280, C4<1>, C4<1>;
L_000001f086360fc0 .delay 1 (3,3,3) L_000001f086360fc0/d;
L_000001f086360e00/d .functor OR 1, L_000001f08635f8c0, L_000001f08635f140, C4<0>, C4<0>;
L_000001f086360e00 .delay 1 (3,3,3) L_000001f086360e00/d;
L_000001f086361030/d .functor OR 1, L_000001f08635f320, L_000001f08635e740, C4<0>, C4<0>;
L_000001f086361030 .delay 1 (3,3,3) L_000001f086361030/d;
L_000001f0863610a0/d .functor OR 1, L_000001f08635f3c0, L_000001f08635fa00, C4<0>, C4<0>;
L_000001f0863610a0 .delay 1 (3,3,3) L_000001f0863610a0/d;
L_000001f0863a0088 .functor BUFT 1, C4<0>, C4<0>, C4<0>, C4<0>;
L_000001f086360770/d .functor XOR 1, L_000001f086360180, L_000001f0863a0088, C4<0>, C4<0>;
L_000001f086360770 .delay 1 (5,5,5) L_000001f086360770/d;
L_000001f086360c40/d .functor XOR 1, L_000001f08635fc80, L_000001f08635f960, C4<0>, C4<0>;
L_000001f086360c40 .delay 1 (5,5,5) L_000001f086360c40/d;
L_000001f0863612d0/d .functor XOR 1, L_000001f08635e9c0, L_000001f08635f460, C4<0>, C4<0>;
L_000001f0863612d0 .delay 1 (5,5,5) L_000001f0863612d0/d;
L_000001f086361340/d .functor XOR 1, L_000001f08635f820, L_000001f08635e6a0, C4<0>, C4<0>;
L_000001f086361340 .delay 1 (5,5,5) L_000001f086361340/d;
v000001f086359d00_0 .net *"_ivl_1", 0 0, L_000001f0862df7f0;  1 drivers
v000001f086359260_0 .net *"_ivl_101", 0 0, L_000001f086360850;  1 drivers
v000001f0863591c0_0 .net *"_ivl_104", 0 0, L_000001f08635f0a0;  1 drivers
v000001f086359ee0_0 .net *"_ivl_106", 0 0, L_000001f0863602c0;  1 drivers
v000001f0863599e0_0 .net *"_ivl_108", 0 0, L_000001f086360ee0;  1 drivers
v000001f08635a200_0 .net *"_ivl_11", 0 0, L_000001f08635c850;  1 drivers
v000001f086359300_0 .net *"_ivl_111", 0 0, L_000001f08635e880;  1 drivers
v000001f08635a5c0_0 .net *"_ivl_113", 0 0, L_000001f08635fb40;  1 drivers
v000001f086359da0_0 .net *"_ivl_115", 0 0, L_000001f086360fc0;  1 drivers
v000001f08635a520_0 .net *"_ivl_118", 0 0, L_000001f08635e560;  1 drivers
v000001f08635aac0_0 .net *"_ivl_120", 0 0, L_000001f08635f280;  1 drivers
v000001f086359120_0 .net *"_ivl_122", 0 0, L_000001f086360e00;  1 drivers
v000001f08635ab60_0 .net *"_ivl_125", 0 0, L_000001f08635f8c0;  1 drivers
v000001f086359760_0 .net *"_ivl_127", 0 0, L_000001f08635f140;  1 drivers
v000001f08635a700_0 .net *"_ivl_129", 0 0, L_000001f086361030;  1 drivers
v000001f08635a8e0_0 .net *"_ivl_13", 0 0, L_000001f08635b630;  1 drivers
v000001f086359620_0 .net *"_ivl_133", 0 0, L_000001f08635f320;  1 drivers
v000001f08635aa20_0 .net *"_ivl_135", 0 0, L_000001f08635e740;  1 drivers
v000001f08635a2a0_0 .net *"_ivl_138", 0 0, L_000001f08635f3c0;  1 drivers
v000001f086359080_0 .net *"_ivl_140", 0 0, L_000001f08635fa00;  1 drivers
v000001f086359e40_0 .net *"_ivl_142", 0 0, L_000001f086360770;  1 drivers
v000001f086359bc0_0 .net *"_ivl_145", 0 0, L_000001f086360180;  1 drivers
v000001f08635a480_0 .net/2u *"_ivl_146", 0 0, L_000001f0863a0088;  1 drivers
v000001f086359f80_0 .net *"_ivl_149", 0 0, L_000001f086360c40;  1 drivers
v000001f08635a0c0_0 .net *"_ivl_15", 0 0, L_000001f0862dfa90;  1 drivers
v000001f08635ade0_0 .net *"_ivl_152", 0 0, L_000001f08635fc80;  1 drivers
v000001f08635ae80_0 .net *"_ivl_154", 0 0, L_000001f08635f960;  1 drivers
v000001f0863598a0_0 .net *"_ivl_156", 0 0, L_000001f0863612d0;  1 drivers
v000001f08635a840_0 .net *"_ivl_159", 0 0, L_000001f08635e9c0;  1 drivers
v000001f08635af20_0 .net *"_ivl_161", 0 0, L_000001f08635f460;  1 drivers
v000001f086359440_0 .net *"_ivl_163", 0 0, L_000001f086361340;  1 drivers
v000001f086359580_0 .net *"_ivl_167", 0 0, L_000001f08635f820;  1 drivers
v000001f0863594e0_0 .net *"_ivl_169", 0 0, L_000001f08635e6a0;  1 drivers
o000001f086302ef8 .functor BUFZ 1, C4<z>; HiZ drive
; Elide local net with no drivers, v000001f08635a020_0 name=_ivl_172
v000001f0863596c0_0 .net *"_ivl_18", 0 0, L_000001f08635b6d0;  1 drivers
v000001f086359940_0 .net *"_ivl_20", 0 0, L_000001f08635b770;  1 drivers
v000001f08635a160_0 .net *"_ivl_22", 0 0, L_000001f0862df860;  1 drivers
v000001f086359a80_0 .net *"_ivl_25", 0 0, L_000001f08635ba90;  1 drivers
v000001f08635a340_0 .net *"_ivl_27", 0 0, L_000001f08635bb30;  1 drivers
v000001f08635a3e0_0 .net *"_ivl_29", 0 0, L_000001f0862df470;  1 drivers
v000001f08635a660_0 .net *"_ivl_32", 0 0, L_000001f08635ece0;  1 drivers
v000001f08635a7a0_0 .net *"_ivl_34", 0 0, L_000001f08635ed80;  1 drivers
v000001f08635c030_0 .net *"_ivl_36", 0 0, L_000001f0862df4e0;  1 drivers
v000001f08635c990_0 .net *"_ivl_39", 0 0, L_000001f08635fdc0;  1 drivers
v000001f08635bd10_0 .net *"_ivl_4", 0 0, L_000001f08635b450;  1 drivers
v000001f08635ca30_0 .net *"_ivl_41", 0 0, L_000001f08635f1e0;  1 drivers
v000001f08635bbd0_0 .net *"_ivl_43", 0 0, L_000001f0862dfa20;  1 drivers
v000001f08635b8b0_0 .net *"_ivl_46", 0 0, L_000001f08635f640;  1 drivers
v000001f08635c0d0_0 .net *"_ivl_48", 0 0, L_000001f086360360;  1 drivers
v000001f08635cc10_0 .net *"_ivl_50", 0 0, L_000001f0862df8d0;  1 drivers
v000001f08635c670_0 .net *"_ivl_54", 0 0, L_000001f08635f000;  1 drivers
v000001f08635b810_0 .net *"_ivl_56", 0 0, L_000001f08635f780;  1 drivers
v000001f08635c170_0 .net *"_ivl_58", 0 0, L_000001f0863608c0;  1 drivers
v000001f08635bc70_0 .net *"_ivl_6", 0 0, L_000001f08635b590;  1 drivers
v000001f08635b4f0_0 .net *"_ivl_61", 0 0, L_000001f08635ff00;  1 drivers
v000001f08635c210_0 .net *"_ivl_63", 0 0, L_000001f08635faa0;  1 drivers
v000001f08635cb70_0 .net *"_ivl_65", 0 0, L_000001f086360690;  1 drivers
v000001f08635b130_0 .net *"_ivl_68", 0 0, L_000001f08635eec0;  1 drivers
v000001f08635c2b0_0 .net *"_ivl_70", 0 0, L_000001f086360220;  1 drivers
v000001f08635b3b0_0 .net *"_ivl_72", 0 0, L_000001f0863604d0;  1 drivers
v000001f08635bdb0_0 .net *"_ivl_75", 0 0, L_000001f08635fbe0;  1 drivers
v000001f08635ccb0_0 .net *"_ivl_77", 0 0, L_000001f08635e4c0;  1 drivers
v000001f08635be50_0 .net *"_ivl_79", 0 0, L_000001f086360620;  1 drivers
v000001f08635cad0_0 .net *"_ivl_8", 0 0, L_000001f0862df400;  1 drivers
v000001f08635c530_0 .net *"_ivl_82", 0 0, L_000001f08635ec40;  1 drivers
v000001f08635c350_0 .net *"_ivl_84", 0 0, L_000001f08635f6e0;  1 drivers
v000001f08635cd50_0 .net *"_ivl_86", 0 0, L_000001f0863613b0;  1 drivers
v000001f08635cdf0_0 .net *"_ivl_89", 0 0, L_000001f0863600e0;  1 drivers
v000001f08635bef0_0 .net *"_ivl_91", 0 0, L_000001f08635ffa0;  1 drivers
v000001f08635c3f0_0 .net *"_ivl_93", 0 0, L_000001f086361180;  1 drivers
v000001f08635bf90_0 .net *"_ivl_97", 0 0, L_000001f086360040;  1 drivers
v000001f08635ce90_0 .net *"_ivl_99", 0 0, L_000001f08635ef60;  1 drivers
v000001f08635c8f0_0 .net "a", 3 0, v000001f08635b310_0;  1 drivers
v000001f08635c490_0 .net "b", 3 0, v000001f08635c710_0;  1 drivers
v000001f08635cf30_0 .net "c", 3 1, L_000001f08635fe60;  1 drivers
v000001f08635b090_0 .net "cOut", 0 0, L_000001f0863610a0;  alias, 1 drivers
v000001f08635c5d0_0 .net "g", 3 0, L_000001f08635f5a0;  1 drivers
v000001f08635b1d0_0 .net "out", 3 0, L_000001f08635f500;  alias, 1 drivers
v000001f08635b270_0 .net "p", 3 0, L_000001f08635ee20;  1 drivers
v000001f08635b950_0 .net "w", 8 0, L_000001f08635e600;  1 drivers
L_000001f08635b450 .part v000001f08635b310_0, 0, 1;
L_000001f08635b590 .part v000001f08635c710_0, 0, 1;
L_000001f08635c850 .part v000001f08635b310_0, 0, 1;
L_000001f08635b630 .part v000001f08635c710_0, 0, 1;
L_000001f08635b6d0 .part v000001f08635b310_0, 1, 1;
L_000001f08635b770 .part v000001f08635c710_0, 1, 1;
L_000001f08635ba90 .part v000001f08635b310_0, 1, 1;
L_000001f08635bb30 .part v000001f08635c710_0, 1, 1;
L_000001f08635ece0 .part v000001f08635b310_0, 2, 1;
L_000001f08635ed80 .part v000001f08635c710_0, 2, 1;
L_000001f08635fdc0 .part v000001f08635b310_0, 2, 1;
L_000001f08635f1e0 .part v000001f08635c710_0, 2, 1;
L_000001f08635f640 .part v000001f08635b310_0, 3, 1;
L_000001f086360360 .part v000001f08635c710_0, 3, 1;
L_000001f08635ee20 .concat8 [ 1 1 1 1], L_000001f0862df400, L_000001f0862df860, L_000001f0862df4e0, L_000001f0862df8d0;
L_000001f08635f000 .part v000001f08635b310_0, 3, 1;
L_000001f08635f780 .part v000001f08635c710_0, 3, 1;
L_000001f08635ff00 .part L_000001f08635ee20, 1, 1;
L_000001f08635faa0 .part L_000001f08635fe60, 0, 1;
L_000001f08635eec0 .part L_000001f08635f5a0, 1, 1;
L_000001f086360220 .part L_000001f08635e600, 0, 1;
L_000001f08635fbe0 .part L_000001f08635ee20, 2, 1;
L_000001f08635e4c0 .part L_000001f08635e600, 0, 1;
L_000001f08635ec40 .part L_000001f08635ee20, 2, 1;
L_000001f08635f6e0 .part L_000001f08635f5a0, 1, 1;
L_000001f0863600e0 .part L_000001f08635e600, 2, 1;
L_000001f08635ffa0 .part L_000001f08635e600, 1, 1;
L_000001f08635fe60 .concat8 [ 1 1 1 0], L_000001f0862df7f0, L_000001f086360690, L_000001f086361180;
L_000001f086360040 .part L_000001f08635f5a0, 2, 1;
L_000001f08635ef60 .part L_000001f08635e600, 3, 1;
L_000001f08635f0a0 .part L_000001f08635ee20, 3, 1;
L_000001f0863602c0 .part L_000001f08635e600, 2, 1;
L_000001f08635e880 .part L_000001f08635ee20, 3, 1;
L_000001f08635fb40 .part L_000001f08635e600, 1, 1;
L_000001f08635e560 .part L_000001f08635ee20, 3, 1;
L_000001f08635f280 .part L_000001f08635f5a0, 2, 1;
L_000001f08635f8c0 .part L_000001f08635e600, 5, 1;
L_000001f08635f140 .part L_000001f08635e600, 4, 1;
LS_000001f08635e600_0_0 .concat8 [ 1 1 1 1], L_000001f0863608c0, L_000001f0863604d0, L_000001f086360620, L_000001f0863613b0;
LS_000001f08635e600_0_4 .concat8 [ 1 1 1 1], L_000001f086360850, L_000001f086360ee0, L_000001f086360fc0, L_000001f086361030;
LS_000001f08635e600_0_8 .concat8 [ 1 0 0 0], L_000001f086360e00;
L_000001f08635e600 .concat8 [ 4 4 1 0], LS_000001f08635e600_0_0, LS_000001f08635e600_0_4, LS_000001f08635e600_0_8;
L_000001f08635f320 .part L_000001f08635e600, 6, 1;
L_000001f08635e740 .part L_000001f08635e600, 8, 1;
L_000001f08635f3c0 .part L_000001f08635f5a0, 3, 1;
L_000001f08635fa00 .part L_000001f08635e600, 7, 1;
L_000001f086360180 .part L_000001f08635ee20, 0, 1;
L_000001f08635fc80 .part L_000001f08635ee20, 1, 1;
L_000001f08635f960 .part L_000001f08635fe60, 0, 1;
L_000001f08635e9c0 .part L_000001f08635ee20, 2, 1;
L_000001f08635f460 .part L_000001f08635fe60, 1, 1;
L_000001f08635f500 .concat8 [ 1 1 1 1], L_000001f086360770, L_000001f086360c40, L_000001f0863612d0, L_000001f086361340;
L_000001f08635f820 .part L_000001f08635ee20, 3, 1;
L_000001f08635e6a0 .part L_000001f08635fe60, 2, 1;
L_000001f08635f5a0 .concat [ 1 1 1 1], o000001f086302ef8, L_000001f0862dfa90, L_000001f0862df470, L_000001f0862dfa20;
    .scope S_000001f0862e67e0;
T_0 ;
    %vpi_call 3 87 "$monitor", "%b + %b = %b cOut= %d time=%t", v000001f08635b310_0, v000001f08635c710_0, v000001f08635b9f0_0, v000001f08635c7b0_0, $time {0 0 0};
    %end;
    .thread T_0;
    .scope S_000001f0862e67e0;
T_1 ;
    %pushi/vec4 0, 0, 4;
    %store/vec4 v000001f08635b310_0, 0, 4;
    %pushi/vec4 0, 0, 4;
    %store/vec4 v000001f08635c710_0, 0, 4;
    %delay 100, 0;
    %pushi/vec4 15, 0, 4;
    %store/vec4 v000001f08635b310_0, 0, 4;
    %pushi/vec4 1, 0, 4;
    %store/vec4 v000001f08635c710_0, 0, 4;
    %end;
    .thread T_1;
# The file index is used to find the file name in the following table.
:file_names 4;
    "N/A";
    "<interactive>";
    "./fullAdder.v";
    "CLA_delay.v";
