#! /c/Source/iverilog-install/bin/vvp
:ivl_version "12.0 (devel)" "(s20150603-1539-g2693dd32b)";
:ivl_delay_selection "TYPICAL";
:vpi_time_precision + 0;
:vpi_module "D:\iverilog\lib\ivl\system.vpi";
:vpi_module "D:\iverilog\lib\ivl\vhdl_sys.vpi";
:vpi_module "D:\iverilog\lib\ivl\vhdl_textio.vpi";
:vpi_module "D:\iverilog\lib\ivl\v2005_math.vpi";
:vpi_module "D:\iverilog\lib\ivl\va_math.vpi";
S_000001d7426d6050 .scope module, "test" "test" 2 2;
 .timescale 0 0;
v000001d742779ed0_0 .var "clk", 0 0;
v000001d74277a290_0 .var "den", 31 0;
v000001d74277a330_0 .var "div", 31 0;
v000001d74277a3d0_0 .net "q", 31 0, v000001d74277a790_0;  1 drivers
v000001d74277a1f0_0 .net "r", 31 0, v000001d74277a010_0;  1 drivers
S_000001d7426d61e0 .scope module, "divsr" "divisor32b" 2 9, 2 32 0, S_000001d7426d6050;
 .timescale 0 0;
    .port_info 0 /INPUT 32 "divisor";
    .port_info 1 /INPUT 32 "dividend";
    .port_info 2 /INPUT 1 "clk";
    .port_info 3 /OUTPUT 32 "quotient";
    .port_info 4 /OUTPUT 32 "remainder";
L_000001d74277b358 .functor BUFT 1, C4<0>, C4<0>, C4<0>, C4<0>;
v000001d742718e40_0 .net/2u *"_ivl_0", 0 0, L_000001d74277b358;  1 drivers
L_000001d74277b3e8 .functor BUFT 1, C4<0>, C4<0>, C4<0>, C4<0>;
v000001d7426d6370_0 .net *"_ivl_11", 0 0, L_000001d74277b3e8;  1 drivers
v000001d7426d6410_0 .net *"_ivl_12", 33 0, L_000001d742779f70;  1 drivers
v000001d742724910_0 .net *"_ivl_2", 33 0, L_000001d742779e30;  1 drivers
L_000001d74277b3a0 .functor BUFT 1, C4<0>, C4<0>, C4<0>, C4<0>;
v000001d7427249b0_0 .net/2u *"_ivl_4", 0 0, L_000001d74277b3a0;  1 drivers
v000001d742724a50_0 .net *"_ivl_6", 32 0, L_000001d74277a5b0;  1 drivers
v000001d742724af0_0 .net *"_ivl_8", 33 0, L_000001d74277a650;  1 drivers
v000001d742724b90_0 .net "clk", 0 0, v000001d742779ed0_0;  1 drivers
v000001d742724c30_0 .var "count", 5 0;
v000001d742779840_0 .net "dividend", 31 0, v000001d74277a290_0;  1 drivers
v000001d7427798e0_0 .net "divisor", 31 0, v000001d74277a330_0;  1 drivers
v000001d742779980_0 .var "divisorTemp", 31 0;
v000001d74277a790_0 .var "quotient", 31 0;
v000001d742779d90_0 .var "quotientTemp", 31 0;
v000001d74277a010_0 .var "remainder", 31 0;
v000001d74277a6f0_0 .var "remainderTemp", 32 0;
v000001d742779b10_0 .net "sub", 32 0, L_000001d74277a830;  1 drivers
E_000001d7426d9700 .event posedge, v000001d742724b90_0;
L_000001d742779e30 .concat [ 33 1 0 0], v000001d74277a6f0_0, L_000001d74277b358;
L_000001d74277a5b0 .concat [ 32 1 0 0], v000001d742779980_0, L_000001d74277b3a0;
L_000001d74277a650 .concat [ 33 1 0 0], L_000001d74277a5b0, L_000001d74277b3e8;
L_000001d742779f70 .arith/sub 34, L_000001d742779e30, L_000001d74277a650;
L_000001d74277a830 .part L_000001d742779f70, 0, 33;
    .scope S_000001d7426d61e0;
T_0 ;
    %pushi/vec4 0, 0, 6;
    %store/vec4 v000001d742724c30_0, 0, 6;
    %end;
    .thread T_0;
    .scope S_000001d7426d61e0;
T_1 ;
    %wait E_000001d7426d9700;
    %load/vec4 v000001d742724c30_0;
    %pad/u 32;
    %cmpi/e 0, 0, 32;
    %jmp/0xz  T_1.0, 4;
    %pushi/vec4 0, 0, 33;
    %store/vec4 v000001d74277a6f0_0, 0, 33;
    %load/vec4 v000001d742779840_0;
    %store/vec4 v000001d742779d90_0, 0, 32;
    %load/vec4 v000001d7427798e0_0;
    %store/vec4 v000001d742779980_0, 0, 32;
T_1.0 ;
    %load/vec4 v000001d742724c30_0;
    %addi 1, 0, 6;
    %store/vec4 v000001d742724c30_0, 0, 6;
    %load/vec4 v000001d742779b10_0;
    %parti/s 1, 32, 7;
    %inv;
    %flag_set/vec4 8;
    %jmp/0xz  T_1.2, 8;
    %load/vec4 v000001d742779b10_0;
    %parti/s 32, 0, 2;
    %ix/load 4, 0, 0;
    %flag_set/imm 4, 0;
    %store/vec4 v000001d74277a6f0_0, 4, 32;
T_1.2 ;
    %load/vec4 v000001d74277a6f0_0;
    %ix/load 4, 1, 0;
    %flag_set/imm 4, 0;
    %shiftl 4;
    %pushi/vec4 0, 0, 31;
    %load/vec4 v000001d742779d90_0;
    %parti/s 1, 31, 6;
    %concat/vec4; draw_concat_vec4
    %pad/u 33;
    %or;
    %store/vec4 v000001d74277a6f0_0, 0, 33;
    %load/vec4 v000001d742779d90_0;
    %ix/load 4, 1, 0;
    %flag_set/imm 4, 0;
    %shiftl 4;
    %pushi/vec4 0, 0, 31;
    %load/vec4 v000001d742779b10_0;
    %parti/s 1, 32, 7;
    %inv;
    %concat/vec4; draw_concat_vec4
    %or;
    %store/vec4 v000001d742779d90_0, 0, 32;
    %load/vec4 v000001d742724c30_0;
    %pad/u 32;
    %cmpi/e 33, 0, 32;
    %jmp/0xz  T_1.4, 4;
    %pushi/vec4 0, 0, 6;
    %store/vec4 v000001d742724c30_0, 0, 6;
    %load/vec4 v000001d742779d90_0;
    %store/vec4 v000001d74277a790_0, 0, 32;
    %load/vec4 v000001d74277a6f0_0;
    %parti/s 32, 1, 2;
    %store/vec4 v000001d74277a010_0, 0, 32;
T_1.4 ;
    %jmp T_1;
    .thread T_1;
    .scope S_000001d7426d6050;
T_2 ;
    %delay 5, 0;
    %load/vec4 v000001d742779ed0_0;
    %inv;
    %store/vec4 v000001d742779ed0_0, 0, 1;
    %jmp T_2;
    .thread T_2;
    .scope S_000001d7426d6050;
T_3 ;
    %pushi/vec4 0, 0, 1;
    %store/vec4 v000001d742779ed0_0, 0, 1;
    %pushi/vec4 2147483648, 0, 32;
    %store/vec4 v000001d74277a290_0, 0, 32;
    %pushi/vec4 12354, 0, 32;
    %store/vec4 v000001d74277a330_0, 0, 32;
    %vpi_call 2 18 "$monitor", "%d%d = %d %d", v000001d74277a290_0, v000001d74277a330_0, v000001d74277a3d0_0, v000001d74277a1f0_0 {0 0 0};
    %delay 900, 0;
    %vpi_call 2 19 "$finish" {0 0 0};
    %end;
    .thread T_3;
    .scope S_000001d7426d6050;
T_4 ;
    %vpi_call 2 23 "$dumpfile", "div.vcd" {0 0 0};
    %vpi_call 2 24 "$dumpvars", 32'sb00000000000000000000000000000000, S_000001d7426d6050 {0 0 0};
    %end;
    .thread T_4;
# The file index is used to find the file name in the following table.
:file_names 3;
    "N/A";
    "<interactive>";
    "divisor.v";
